#
# There is insufficient memory for the Java Runtime Environment to continue.
# Native memory allocation (mmap) failed to map 134217728 bytes for Failed to commit area from 0x0000000081200000 to 0x0000000089200000 of length 134217728.
# Possible reasons:
#   The system is out of physical RAM or swap space
#   The process is running with CompressedOops enabled, and the Java Heap may be blocking the growth of the native heap
# Possible solutions:
#   Reduce memory load on the system
#   Increase physical memory or swap space
#   Check if swap backing store is full
#   Decrease Java heap size (-Xmx/-Xms)
#   Decrease number of Java threads
#   Decrease Java thread stack sizes (-Xss)
#   Set larger code cache with -XX:ReservedCodeCacheSize=
# This output file may be truncated or incomplete.
#
#  Out of Memory Error (./src/hotspot/os/windows/os_windows.cpp:3301), pid=6088, tid=7780
#
# JRE version:  (11.0.10) (build )
# Java VM: OpenJDK 64-Bit Server VM (11.0.10+0-b96-7249189, mixed mode, sharing, tiered, compressed oops, g1 gc, windows-amd64)
# No core dump will be written. Minidumps are not enabled by default on client versions of Windows
#

---------------  S U M M A R Y ------------

Command Line: org.jetbrains.git4idea.http.GitAskPassApp Username for 'https://github.com': 

Host: Intel(R) Core(TM) i3-4010U CPU @ 1.70GHz, 4 cores, 7G,  Windows 10 , 64 bit Build 19041 (10.0.19041.1348)
Time: Tue Dec 28 17:51:07 2021 E. Africa Standard Time elapsed time: 0.104249 seconds (0d 0h 0m 0s)

---------------  T H R E A D  ---------------

Current thread (0x000001a77756b800):  JavaThread "Unknown thread" [_thread_in_vm, id=7780, stack(0x000000541b200000,0x000000541b300000)]

Stack: [0x000000541b200000,0x000000541b300000]
Native frames: (J=compiled Java code, j=interpreted, Vv=VM code, C=native code)
V  [jvm.dll+0x5ecfaa]
V  [jvm.dll+0x722bd5]
V  [jvm.dll+0x72412d]
V  [jvm.dll+0x7247e3]
V  [jvm.dll+0x242928]
V  [jvm.dll+0x5ea374]
V  [jvm.dll+0x5df425]
V  [jvm.dll+0x2fdebb]
V  [jvm.dll+0x2fde2a]
V  [jvm.dll+0x2fdd02]
V  [jvm.dll+0x302bf6]
V  [jvm.dll+0x34b2a3]
V  [jvm.dll+0x34b9a6]
V  [jvm.dll+0x34b3a3]
V  [jvm.dll+0x2d8888]
V  [jvm.dll+0x2d9a37]
V  [jvm.dll+0x701737]
V  [jvm.dll+0x702f2c]
V  [jvm.dll+0x3587d9]
V  [jvm.dll+0x6e4fae]
V  [jvm.dll+0x3c0be3]
V  [jvm.dll+0x3c2e91]
C  [jli.dll+0x5373]
C  [ucrtbase.dll+0x21bb2]
C  [KERNEL32.DLL+0x17034]
C  [ntdll.dll+0x52651]


---------------  P R O C E S S  ---------------

Threads class SMR info:
_java_thread_list=0x000001a7754403b0, length=0, elements={
}

Java Threads: ( => current thread )

Other Threads:
  0x000001a777585800 GCTaskThread "GC Thread#0" [stack: 0x000000541b300000,0x000000541b400000] [id=10788]
  0x000001a7775b5800 ConcurrentGCThread "G1 Main Marker" [stack: 0x000000541b400000,0x000000541b500000] [id=8944]
  0x000001a7775b9000 ConcurrentGCThread "G1 Conc#0" [stack: 0x000000541b500000,0x000000541b600000] [id=11992]

[error occurred during error reporting (printing all threads), id 0xc0000005, EXCEPTION_ACCESS_VIOLATION (0xc0000005) at pc=0x00007ff9a0ea9107]

VM state:not at safepoint (not fully initialized)

VM Mutex/Monitor currently owned by a thread:  ([mutex/lock_event])
[0x000001a7775680c0] Heap_lock - owner thread: 0x000001a77756b800

Heap address: 0x0000000081200000, size: 2030 MB, Compressed Oops mode: Non-zero based: 0x0000000081200000
Narrow klass base: 0x0000000000000000, Narrow klass shift: 0

GC Heap History (0 events):
No events

Deoptimization events (0 events):
No events

Classes redefined (0 events):
No events

Internal exceptions (0 events):
No events

Events (1 events):
Event: 0.043 Loaded shared library C:\Program Files\Android\Android Studio\jre\bin\zip.dll


Dynamic libraries:
0x00007ff697db0000 - 0x00007ff697dba000 	C:\Program Files\Android\Android Studio\jre\bin\java.exe
0x00007ff9ee610000 - 0x00007ff9ee805000 	C:\WINDOWS\SYSTEM32\ntdll.dll
0x00007ff9ee510000 - 0x00007ff9ee5ce000 	C:\WINDOWS\System32\KERNEL32.DLL
0x00007ff9ebd90000 - 0x00007ff9ec058000 	C:\WINDOWS\System32\KERNELBASE.dll
0x00007ff9ec1a0000 - 0x00007ff9ec2a0000 	C:\WINDOWS\System32\ucrtbase.dll
0x00007ff9ce420000 - 0x00007ff9ce437000 	C:\Program Files\Android\Android Studio\jre\bin\VCRUNTIME140.dll
0x00007ff9cc6c0000 - 0x00007ff9cc6d9000 	C:\Program Files\Android\Android Studio\jre\bin\jli.dll
0x00007ff9ed860000 - 0x00007ff9eda01000 	C:\WINDOWS\System32\USER32.dll
0x00007ff9ec3d0000 - 0x00007ff9ec3f2000 	C:\WINDOWS\System32\win32u.dll
0x00007ff9ed590000 - 0x00007ff9ed5bb000 	C:\WINDOWS\System32\GDI32.dll
0x00007ff9ec060000 - 0x00007ff9ec16b000 	C:\WINDOWS\System32\gdi32full.dll
0x00007ff9d54f0000 - 0x00007ff9d578a000 	C:\WINDOWS\WinSxS\amd64_microsoft.windows.common-controls_6595b64144ccf1df_6.0.19041.1110_none_60b5254171f9507e\COMCTL32.dll
0x00007ff9ec330000 - 0x00007ff9ec3cd000 	C:\WINDOWS\System32\msvcp_win.dll
0x00007ff9eda10000 - 0x00007ff9edaae000 	C:\WINDOWS\System32\msvcrt.dll
0x00007ff9ecfe0000 - 0x00007ff9ed010000 	C:\WINDOWS\System32\IMM32.DLL
0x00007ff9b83d0000 - 0x00007ff9b846d000 	C:\Program Files\Android\Android Studio\jre\bin\msvcp140.dll
0x00007ff9a0bc0000 - 0x00007ff9a168f000 	C:\Program Files\Android\Android Studio\jre\bin\server\jvm.dll
0x00007ff9ee460000 - 0x00007ff9ee50c000 	C:\WINDOWS\System32\ADVAPI32.dll
0x00007ff9ed6b0000 - 0x00007ff9ed74b000 	C:\WINDOWS\System32\sechost.dll
0x00007ff9edca0000 - 0x00007ff9eddca000 	C:\WINDOWS\System32\RPCRT4.dll
0x00007ff9ed490000 - 0x00007ff9ed498000 	C:\WINDOWS\System32\PSAPI.DLL
0x00007ff9e7bc0000 - 0x00007ff9e7bc9000 	C:\WINDOWS\SYSTEM32\WSOCK32.dll
0x00007ff9ee030000 - 0x00007ff9ee09b000 	C:\WINDOWS\System32\WS2_32.dll
0x00007ff9db680000 - 0x00007ff9db6a7000 	C:\WINDOWS\SYSTEM32\WINMM.dll
0x00007ff9df4a0000 - 0x00007ff9df4aa000 	C:\WINDOWS\SYSTEM32\VERSION.dll
0x00007ff9e9c30000 - 0x00007ff9e9c42000 	C:\WINDOWS\SYSTEM32\kernel.appcore.dll
0x00007ff9e56b0000 - 0x00007ff9e56c1000 	C:\Program Files\Android\Android Studio\jre\bin\verify.dll
0x00007ff9da220000 - 0x00007ff9da404000 	C:\WINDOWS\SYSTEM32\DBGHELP.DLL
0x00007ff9da180000 - 0x00007ff9da1ac000 	C:\WINDOWS\SYSTEM32\dbgcore.DLL
0x00007ff9ec2a0000 - 0x00007ff9ec323000 	C:\WINDOWS\System32\bcryptPrimitives.dll
0x00007ff9e4180000 - 0x00007ff9e41a9000 	C:\Program Files\Android\Android Studio\jre\bin\java.dll
0x00007ff9e5d00000 - 0x00007ff9e5d0b000 	C:\Program Files\Android\Android Studio\jre\bin\jimage.dll
0x00007ff9e3ff0000 - 0x00007ff9e4008000 	C:\Program Files\Android\Android Studio\jre\bin\zip.dll

dbghelp: loaded successfully - version: 4.0.5 - missing functions: none
symbol engine: initialized successfully - sym options: 0x614 - pdb path: .;C:\Program Files\Android\Android Studio\jre\bin;C:\WINDOWS\SYSTEM32;C:\WINDOWS\WinSxS\amd64_microsoft.windows.common-controls_6595b64144ccf1df_6.0.19041.1110_none_60b5254171f9507e;C:\Program Files\Android\Android Studio\jre\bin\server

VM Arguments:
java_command: org.jetbrains.git4idea.http.GitAskPassApp Username for 'https://github.com': 
java_class_path (initial): C:/Program Files/Android/Android Studio/plugins/git4idea/lib/git4idea-rt.jar;C:/Program Files/Android/Android Studio/lib/xmlrpc-2.0.1.jar;C:/Program Files/Android/Android Studio/lib/commons-codec-1.14.jar
Launcher Type: SUN_STANDARD

[Global flags]
     intx CICompilerCount                          = 3                                         {product} {ergonomic}
     uint ConcGCThreads                            = 1                                         {product} {ergonomic}
     uint G1ConcRefinementThreads                  = 4                                         {product} {ergonomic}
   size_t G1HeapRegionSize                         = 1048576                                   {product} {ergonomic}
    uintx GCDrainStackTargetSize                   = 64                                        {product} {ergonomic}
   size_t InitialHeapSize                          = 134217728                                 {product} {ergonomic}
   size_t MarkStackSize                            = 4194304                                   {product} {ergonomic}
   size_t MaxHeapSize                              = 2128609280                                {product} {ergonomic}
   size_t MinHeapDeltaBytes                        = 1048576                                   {product} {ergonomic}
    uintx NonNMethodCodeHeapSize                   = 5830732                                {pd product} {ergonomic}
    uintx NonProfiledCodeHeapSize                  = 122913754                              {pd product} {ergonomic}
    uintx ProfiledCodeHeapSize                     = 122913754                              {pd product} {ergonomic}
    uintx ReservedCodeCacheSize                    = 251658240                              {pd product} {ergonomic}
     bool SegmentedCodeCache                       = true                                      {product} {ergonomic}
     bool UseCompressedClassPointers               = true                                 {lp64_product} {ergonomic}
     bool UseCompressedOops                        = true                                 {lp64_product} {ergonomic}
     bool UseG1GC                                  = true                                      {product} {ergonomic}
     bool UseLargePagesIndividualAllocation        = false                                  {pd product} {ergonomic}

Logging:
Log output configuration:
 #0: stdout all=warning uptime,level,tags
 #1: stderr all=off uptime,level,tags

Environment Variables:
PATH=C:\Program Files\Git\mingw64\libexec\git-core;C:\Program Files\Git\mingw64\libexec\git-core;C:\Program Files\Git\mingw64\bin;C:\Program Files\Git\usr\bin;C:\Users\User\bin;C:\Program Files (x86)\Common Files\Oracle\Java\javapath;C:\Program Files\Common Files\Oracle\Java\javapath;C:\WINDOWS\system32;C:\WINDOWS;C:\WINDOWS\System32\Wbem;C:\WINDOWS\System32\WindowsPowerShell\v1.0;C:\WINDOWS\System32\OpenSSH;C:\xampp\php;C:\ProgramData\ComposerSetup\bin;C:\xampp1\php;C:\xampp\php\PEAR';C:\MinGW\bin;C:\Program Files\nodejs;C:\Program Files\PuTTY;C:\Program Files\Git\cmd;C:\Users\User\AppData\Local\Microsoft\WindowsApps;C:\Users\User\AppData\Roaming\Composer\vendor\bin;C:\xampp1\htdocs\PROJECT101;C:\Users\User\bin;C:\Users\User\go_appengine;C:\Users\User\AppData\Local\GitHubDesktop\bin;C:\Users\User\AppData\Roaming\npm;E:\flutter\bin
USERNAME=User
DISPLAY=:0.0
LC_ALL=en_US.UTF-8
OS=Windows_NT
PROCESSOR_IDENTIFIER=Intel64 Family 6 Model 69 Stepping 1, GenuineIntel



---------------  S Y S T E M  ---------------

OS: Windows 10 , 64 bit Build 19041 (10.0.19041.1348)
OS uptime: 3 days 18:45 hours

CPU:total 4 (initial active 4) (2 cores per cpu, 2 threads per core) family 6 model 69 stepping 1 microcode 0x25, cmov, cx8, fxsr, mmx, sse, sse2, sse3, ssse3, sse4.1, sse4.2, popcnt, avx, avx2, aes, clmul, erms, lzcnt, ht, tsc, tscinvbit, bmi1, bmi2, fma

Memory: 4k page, system-wide physical 8113M (1912M free)
TotalPageFile size 10632M (AvailPageFile size 123M)
current process WorkingSet (physical memory assigned to process): 9M, peak: 9M
current process commit charge ("private bytes"): 51M, peak: 179M

vm_info: OpenJDK 64-Bit Server VM (11.0.10+0-b96-7249189) for windows-amd64 JRE (11.0.10+0-b96-7249189), built on Mar 31 2021 21:44:00 by "builder" with MS VC++ 14.0 (VS2015)

END.
