#
# There is insufficient memory for the Java Runtime Environment to continue.
# Native memory allocation (mmap) failed to map 65536 bytes for Failed to commit area from 0x0000013e2de40000 to 0x0000013e2de50000 of length 65536.
# Possible reasons:
#   The system is out of physical RAM or swap space
#   The process is running with CompressedOops enabled, and the Java Heap may be blocking the growth of the native heap
# Possible solutions:
#   Reduce memory load on the system
#   Increase physical memory or swap space
#   Check if swap backing store is full
#   Decrease Java heap size (-Xmx/-Xms)
#   Decrease number of Java threads
#   Decrease Java thread stack sizes (-Xss)
#   Set larger code cache with -XX:ReservedCodeCacheSize=
#   JVM is running with Unscaled Compressed Oops mode in which the Java heap is
#     placed in the first 4GB address space. The Java Heap base address is the
#     maximum limit for the native heap growth. Please use -XX:HeapBaseMinAddress
#     to set the Java Heap base and to place the Java Heap above 4GB virtual address.
# This output file may be truncated or incomplete.
#
#  Out of Memory Error (./src/hotspot/os/windows/os_windows.cpp:3301), pid=9420, tid=13784
#
# JRE version: OpenJDK Runtime Environment (11.0.10) (build 11.0.10+0-b96-7249189)
# Java VM: OpenJDK 64-Bit Server VM (11.0.10+0-b96-7249189, mixed mode, tiered, compressed oops, g1 gc, windows-amd64)
# No core dump will be written. Minidumps are not enabled by default on client versions of Windows
#

---------------  S U M M A R Y ------------

Command Line: --add-opens=java.base/java.util=ALL-UNNAMED --add-opens=java.base/java.lang=ALL-UNNAMED --add-opens=java.base/java.lang.invoke=ALL-UNNAMED --add-opens=java.base/java.util=ALL-UNNAMED --add-opens=java.prefs/java.util.prefs=ALL-UNNAMED --add-opens=java.prefs/java.util.prefs=ALL-UNNAMED --add-opens=java.base/java.nio.charset=ALL-UNNAMED --add-opens=java.base/java.net=ALL-UNNAMED --add-opens=java.base/java.util.concurrent.atomic=ALL-UNNAMED -Xmx2048m -Dfile.encoding=UTF-8 -Duser.country=US -Duser.language=en -Duser.variant org.gradle.launcher.daemon.bootstrap.GradleDaemon 7.0.2

Host: Intel(R) Core(TM) i3-4010U CPU @ 1.70GHz, 4 cores, 7G,  Windows 10 , 64 bit Build 19041 (10.0.19041.1348)
Time: Tue Dec 28 15:48:33 2021 E. Africa Standard Time elapsed time: 10669.931000 seconds (0d 2h 57m 49s)

---------------  T H R E A D  ---------------

Current thread (0x0000013e31d7b000):  VMThread "VM Thread" [stack: 0x0000003b2ec00000,0x0000003b2ed00000] [id=13784]

Stack: [0x0000003b2ec00000,0x0000003b2ed00000]
[error occurred during error reporting (printing stack bounds), id 0xc0000005, EXCEPTION_ACCESS_VIOLATION (0xc0000005) at pc=0x0000013e1bca0f2d]

Native frames: (J=compiled Java code, j=interpreted, Vv=VM code, C=native code)
V  [jvm.dll+0x5ecfaa]
V  [jvm.dll+0x722bd5]
V  [jvm.dll+0x72412d]
V  [jvm.dll+0x724745]
V  [jvm.dll+0x7246fb]
V  [jvm.dll+0x5ec348]
V  [jvm.dll+0x5ecad8]
C  [ntdll.dll+0xa20cf]
C  [ntdll.dll+0x51454]
C  [ntdll.dll+0xa0bfe]
C  0x0000013e1bca0f2d

VM_Operation (0x0000003b315f93b0): G1CollectForAllocation, mode: safepoint, requested by thread 0x0000013e376d2000


---------------  P R O C E S S  ---------------

Threads class SMR info:
_java_thread_list=0x0000013e35405fa0, length=54, elements={
0x0000013e181ae000, 0x0000013e31d7e800, 0x0000013e31d80000, 0x0000013e32712800,
0x0000013e32713800, 0x0000013e31d9b000, 0x0000013e31da7800, 0x0000013e31dae000,
0x0000013e31db1000, 0x0000013e3284c800, 0x0000013e337fe000, 0x0000013e32a71800,
0x0000013e33e62800, 0x0000013e33be8800, 0x0000013e33be9800, 0x0000013e33be7800,
0x0000013e35fea000, 0x0000013e35feb000, 0x0000013e35fe5000, 0x0000013e35fe9000,
0x0000013e35feb800, 0x0000013e35fe6000, 0x0000013e35434800, 0x0000013e35435800,
0x0000013e3543a800, 0x0000013e376ce000, 0x0000013e376cd000, 0x0000013e376c8800,
0x0000013e376cf000, 0x0000013e376c9000, 0x0000013e376cb800, 0x0000013e376cc800,
0x0000013e376d0800, 0x0000013e376cb000, 0x0000013e376d7000, 0x0000013e376d6000,
0x0000013e376d3000, 0x0000013e376d5800, 0x0000013e376d3800, 0x0000013e376d1800,
0x0000013e376d2000, 0x0000013e3542f800, 0x0000013e35438000, 0x0000013e35432000,
0x0000013e35439800, 0x0000013e3543c000, 0x0000013e3543c800, 0x0000013e33be7000,
0x0000013e3bd44000, 0x0000013e3bd41800, 0x0000013e3bd46000, 0x0000013e3bd45000,
0x0000013e3bd46800, 0x0000013e3bd41000
}

Java Threads: ( => current thread )
  0x0000013e181ae000 JavaThread "main" [_thread_blocked, id=13972, stack(0x0000003b2e600000,0x0000003b2e700000)]
  0x0000013e31d7e800 JavaThread "Reference Handler" daemon [_thread_blocked, id=11620, stack(0x0000003b2ed00000,0x0000003b2ee00000)]
  0x0000013e31d80000 JavaThread "Finalizer" daemon [_thread_blocked, id=11196, stack(0x0000003b2ee00000,0x0000003b2ef00000)]
  0x0000013e32712800 JavaThread "Signal Dispatcher" daemon [_thread_blocked, id=13716, stack(0x0000003b2ef00000,0x0000003b2f000000)]
  0x0000013e32713800 JavaThread "Attach Listener" daemon [_thread_blocked, id=11276, stack(0x0000003b2f000000,0x0000003b2f100000)]
  0x0000013e31d9b000 JavaThread "Service Thread" daemon [_thread_blocked, id=13412, stack(0x0000003b2f100000,0x0000003b2f200000)]
  0x0000013e31da7800 JavaThread "C2 CompilerThread0" daemon [_thread_in_native, id=8648, stack(0x0000003b2f200000,0x0000003b2f300000)]
  0x0000013e31dae000 JavaThread "C1 CompilerThread0" daemon [_thread_blocked, id=13020, stack(0x0000003b2f300000,0x0000003b2f400000)]
  0x0000013e31db1000 JavaThread "Sweeper thread" daemon [_thread_blocked, id=6432, stack(0x0000003b2f400000,0x0000003b2f500000)]
  0x0000013e3284c800 JavaThread "Common-Cleaner" daemon [_thread_blocked, id=10464, stack(0x0000003b2f500000,0x0000003b2f600000)]
  0x0000013e337fe000 JavaThread "Daemon health stats" [_thread_blocked, id=13008, stack(0x0000003b2fa00000,0x0000003b2fb00000)]
  0x0000013e32a71800 JavaThread "Incoming local TCP Connector on port 58516" [_thread_in_native, id=3168, stack(0x0000003b2f700000,0x0000003b2f800000)]
  0x0000013e33e62800 JavaThread "Daemon periodic checks" [_thread_blocked, id=10680, stack(0x0000003b2fb00000,0x0000003b2fc00000)]
  0x0000013e33be8800 JavaThread "Cache worker for file hash cache (E:\DigitalLessonPlanner\.gradle\caches\7.0.2\fileHashes)" [_thread_blocked, id=6172, stack(0x0000003b30400000,0x0000003b30500000)]
  0x0000013e33be9800 JavaThread "File lock request listener" [_thread_in_native, id=1112, stack(0x0000003b30500000,0x0000003b30600000)]
  0x0000013e33be7800 JavaThread "Cache worker for journal cache (E:\DigitalLessonPlanner\.gradle\caches\journal-1)" [_thread_blocked, id=7364, stack(0x0000003b30600000,0x0000003b30700000)]
  0x0000013e35fea000 JavaThread "File watcher server" daemon [_thread_blocked, id=12400, stack(0x0000003b30900000,0x0000003b30a00000)]
  0x0000013e35feb000 JavaThread "File watcher consumer" daemon [_thread_blocked, id=7420, stack(0x0000003b30a00000,0x0000003b30b00000)]
  0x0000013e35fe5000 JavaThread "jar transforms" [_thread_blocked, id=13240, stack(0x0000003b30b00000,0x0000003b30c00000)]
  0x0000013e35fe9000 JavaThread "jar transforms Thread 2" [_thread_blocked, id=14188, stack(0x0000003b30c00000,0x0000003b30d00000)]
  0x0000013e35feb800 JavaThread "jar transforms Thread 3" [_thread_blocked, id=14316, stack(0x0000003b30d00000,0x0000003b30e00000)]
  0x0000013e35fe6000 JavaThread "jar transforms Thread 4" [_thread_blocked, id=6728, stack(0x0000003b30e00000,0x0000003b30f00000)]
  0x0000013e35434800 JavaThread "Cache worker for execution history cache (E:\DigitalLessonPlanner\.gradle\caches\7.0.2\executionHistory)" [_thread_blocked, id=14108, stack(0x0000003b31200000,0x0000003b31300000)]
  0x0000013e35435800 JavaThread "Cache worker for file content cache (E:\DigitalLessonPlanner\.gradle\caches\7.0.2\fileContent)" [_thread_blocked, id=13084, stack(0x0000003b31300000,0x0000003b31400000)]
  0x0000013e3543a800 JavaThread "Memory manager" [_thread_blocked, id=3420, stack(0x0000003b31a00000,0x0000003b31b00000)]
  0x0000013e376ce000 JavaThread "Daemon Thread 2" [_thread_blocked, id=14124, stack(0x0000003b2e300000,0x0000003b2e400000)]
  0x0000013e376cd000 JavaThread "Handler for socket connection from /127.0.0.1:58516 to /127.0.0.1:63947" [_thread_in_native, id=9912, stack(0x0000003b2e400000,0x0000003b2e500000)]
  0x0000013e376c8800 JavaThread "Cancel handler" [_thread_blocked, id=840, stack(0x0000003b2e500000,0x0000003b2e600000)]
  0x0000013e376cf000 JavaThread "Daemon worker Thread 2" [_thread_blocked, id=13900, stack(0x0000003b2fc00000,0x0000003b2fd00000)]
  0x0000013e376c9000 JavaThread "Asynchronous log dispatcher for DefaultDaemonConnection: socket connection from /127.0.0.1:58516 to /127.0.0.1:63947" [_thread_blocked, id=14172, stack(0x0000003b2fd00000,0x0000003b2fe00000)]
  0x0000013e376cb800 JavaThread "Daemon client event forwarder" [_thread_blocked, id=1132, stack(0x0000003b2ff00000,0x0000003b30000000)]
  0x0000013e376cc800 JavaThread "Cache worker for file hash cache (E:\Dlp-main\Date-for-Sure\.gradle\7.0.2\fileHashes)" [_thread_blocked, id=2988, stack(0x0000003b30000000,0x0000003b30100000)]
  0x0000013e376d0800 JavaThread "Cache worker for checksums cache (E:\Dlp-main\Date-for-Sure\.gradle\checksums)" [_thread_blocked, id=12280, stack(0x0000003b30100000,0x0000003b30200000)]
  0x0000013e376cb000 JavaThread "Cache worker for cache directory md-supplier (E:\DigitalLessonPlanner\.gradle\caches\7.0.2\md-supplier)" [_thread_blocked, id=12428, stack(0x0000003b30200000,0x0000003b30300000)]
  0x0000013e376d7000 JavaThread "Cache worker for cache directory md-rule (E:\DigitalLessonPlanner\.gradle\caches\7.0.2\md-rule)" [_thread_blocked, id=10044, stack(0x0000003b30700000,0x0000003b30800000)]
  0x0000013e376d6000 JavaThread "Cache worker for dependencies-accessors (E:\Dlp-main\Date-for-Sure\.gradle\7.0.2\dependencies-accessors)" [_thread_blocked, id=3856, stack(0x0000003b30f00000,0x0000003b31000000)]
  0x0000013e376d3000 JavaThread "Cache worker for Build Output Cleanup Cache (E:\Dlp-main\Date-for-Sure\.gradle\buildOutputCleanup)" [_thread_blocked, id=10356, stack(0x0000003b31000000,0x0000003b31100000)]
  0x0000013e376d5800 JavaThread "Build operations" [_thread_blocked, id=11652, stack(0x0000003b30800000,0x0000003b30900000)]
  0x0000013e376d3800 JavaThread "Build operations Thread 2" [_thread_blocked, id=13860, stack(0x0000003b31100000,0x0000003b31200000)]
  0x0000013e376d1800 JavaThread "Build operations Thread 3" [_thread_blocked, id=9060, stack(0x0000003b31400000,0x0000003b31500000)]
  0x0000013e376d2000 JavaThread "Build operations Thread 4" [_thread_blocked, id=13940, stack(0x0000003b31500000,0x0000003b31600000)]
  0x0000013e3542f800 JavaThread "build event listener" [_thread_blocked, id=7524, stack(0x0000003b31700000,0x0000003b31800000)]
  0x0000013e35438000 JavaThread "build event listener" [_thread_blocked, id=13656, stack(0x0000003b31600000,0x0000003b31700000)]
  0x0000013e35432000 JavaThread "Execution worker for ':'" [_thread_blocked, id=11544, stack(0x0000003b31800000,0x0000003b31900000)]
  0x0000013e35439800 JavaThread "Execution worker for ':' Thread 2" [_thread_blocked, id=10944, stack(0x0000003b31900000,0x0000003b31a00000)]
  0x0000013e3543c000 JavaThread "Execution worker for ':' Thread 3" [_thread_blocked, id=8756, stack(0x0000003b31b00000,0x0000003b31c00000)]
  0x0000013e3543c800 JavaThread "Cache worker for execution history cache (E:\Dlp-main\Date-for-Sure\.gradle\7.0.2\executionHistory)" [_thread_blocked, id=6992, stack(0x0000003b31c00000,0x0000003b31d00000)]
  0x0000013e33be7000 JavaThread "WorkerExecutor Queue Thread 2" [_thread_blocked, id=12612, stack(0x0000003b31f00000,0x0000003b32000000)]
  0x0000013e3bd44000 JavaThread "WorkerExecutor Queue Thread 4" [_thread_blocked, id=4952, stack(0x0000003b32100000,0x0000003b32200000)]
  0x0000013e3bd41800 JavaThread "Java2D Disposer" daemon [_thread_blocked, id=11028, stack(0x0000003b32400000,0x0000003b32500000)]
  0x0000013e3bd46000 JavaThread "pool-4-thread-1" [_thread_blocked, id=5360, stack(0x0000003b31e00000,0x0000003b31f00000)]
  0x0000013e3bd45000 JavaThread "stderr" [_thread_in_native, id=12384, stack(0x0000003b32500000,0x0000003b32600000)]
  0x0000013e3bd46800 JavaThread "stdout" [_thread_in_native, id=2008, stack(0x0000003b32600000,0x0000003b32700000)]
  0x0000013e3bd41000 JavaThread "C2 CompilerThread1" daemon [_thread_blocked, id=10760, stack(0x0000003b2fe00000,0x0000003b2ff00000)]

Other Threads:
=>0x0000013e31d7b000 VMThread "VM Thread" [stack: 0x0000003b2ec00000,0x0000003b2ed00000] [id=13784]
  0x0000013e3287b800 WatcherThread [stack: 0x0000003b2f600000,0x0000003b2f700000] [id=3264]
  0x0000013e181c6800 GCTaskThread "GC Thread#0" [stack: 0x0000003b2e700000,0x0000003b2e800000] [id=12304]
  0x0000013e32b9e800 GCTaskThread "GC Thread#1" [stack: 0x0000003b2f800000,0x0000003b2f900000] [id=13936]
  0x0000013e32c8a800 GCTaskThread "GC Thread#2" [stack: 0x0000003b2f900000,0x0000003b2fa00000] [id=2276]
  0x0000013e351f7000 GCTaskThread "GC Thread#3" [stack: 0x0000003b30300000,0x0000003b30400000] [id=6448]
  0x0000013e181f7800 ConcurrentGCThread "G1 Main Marker" [stack: 0x0000003b2e800000,0x0000003b2e900000] [id=13844]
  0x0000013e181f9800 ConcurrentGCThread "G1 Conc#0" [stack: 0x0000003b2e900000,0x0000003b2ea00000] [id=10504]
  0x0000013e1828c000 ConcurrentGCThread "G1 Refine#0" [stack: 0x0000003b2ea00000,0x0000003b2eb00000] [id=4644]
  0x0000013e1828d000 ConcurrentGCThread "G1 Young RemSet Sampling" [stack: 0x0000003b2eb00000,0x0000003b2ec00000] [id=3356]

Threads with active compile tasks:
C2 CompilerThread010670169 23622 %     4       com.android.tools.r8.ir.regalloc.a::a @ 1076 (1824 bytes)
C2 CompilerThread110670169 23476       4       com.android.tools.r8.graph.I0::a (154 bytes)

VM state:at safepoint (normal execution)

VM Mutex/Monitor currently owned by a thread:  ([mutex/lock_event])
[0x0000013e181a8c40] Threads_lock - owner thread: 0x0000013e31d7b000
[0x0000013e181a8e80] Heap_lock - owner thread: 0x0000013e376d2000

Heap address: 0x0000000080000000, size: 2048 MB, Compressed Oops mode: 32-bit
Narrow klass base: 0x0000000000000000, Narrow klass shift: 3
Compressed class space size: 1073741824 Address: 0x0000000100000000

Heap:
 garbage-first heap   total 432128K, used 183517K [0x0000000080000000, 0x0000000100000000)
  region size 1024K, 4 young (4096K), 4 survivors (4096K)
 Metaspace       used 135180K, capacity 138604K, committed 138752K, reserved 1169408K
  class space    used 16618K, capacity 17906K, committed 17920K, reserved 1048576K
Heap Regions: E=young(eden), S=young(survivor), O=old, HS=humongous(starts), HC=humongous(continues), CS=collection set, F=free, A=archive, TAMS=top-at-mark-start (previous, next)
|   0|0x0000000080000000, 0x0000000080100000, 0x0000000080100000|100%| O|  |TAMS 0x0000000080100000, 0x0000000080100000| Untracked 
|   1|0x0000000080100000, 0x0000000080200000, 0x0000000080200000|100%| O|  |TAMS 0x0000000080200000, 0x0000000080200000| Untracked 
|   2|0x0000000080200000, 0x0000000080300000, 0x0000000080300000|100%| O|  |TAMS 0x0000000080300000, 0x0000000080300000| Untracked 
|   3|0x0000000080300000, 0x0000000080400000, 0x0000000080400000|100%|HS|  |TAMS 0x0000000080400000, 0x0000000080400000| Complete 
|   4|0x0000000080400000, 0x0000000080500000, 0x0000000080500000|100%|HC|  |TAMS 0x0000000080500000, 0x0000000080500000| Complete 
|   5|0x0000000080500000, 0x0000000080600000, 0x0000000080600000|100%|HC|  |TAMS 0x0000000080600000, 0x0000000080600000| Complete 
|   6|0x0000000080600000, 0x0000000080700000, 0x0000000080700000|100%| O|  |TAMS 0x0000000080700000, 0x0000000080700000| Untracked 
|   7|0x0000000080700000, 0x0000000080800000, 0x0000000080800000|100%| O|  |TAMS 0x0000000080800000, 0x0000000080800000| Untracked 
|   8|0x0000000080800000, 0x0000000080900000, 0x0000000080900000|100%| O|  |TAMS 0x0000000080900000, 0x0000000080900000| Untracked 
|   9|0x0000000080900000, 0x0000000080a00000, 0x0000000080a00000|100%| O|  |TAMS 0x0000000080a00000, 0x0000000080a00000| Untracked 
|  10|0x0000000080a00000, 0x0000000080b00000, 0x0000000080b00000|100%| O|  |TAMS 0x0000000080b00000, 0x0000000080b00000| Untracked 
|  11|0x0000000080b00000, 0x0000000080c00000, 0x0000000080c00000|100%| O|  |TAMS 0x0000000080c00000, 0x0000000080c00000| Untracked 
|  12|0x0000000080c00000, 0x0000000080d00000, 0x0000000080d00000|100%| O|  |TAMS 0x0000000080d00000, 0x0000000080d00000| Untracked 
|  13|0x0000000080d00000, 0x0000000080e00000, 0x0000000080e00000|100%| O|  |TAMS 0x0000000080e00000, 0x0000000080e00000| Untracked 
|  14|0x0000000080e00000, 0x0000000080f00000, 0x0000000080f00000|100%| O|  |TAMS 0x0000000080f00000, 0x0000000080f00000| Untracked 
|  15|0x0000000080f00000, 0x0000000081000000, 0x0000000081000000|100%| O|  |TAMS 0x0000000081000000, 0x0000000081000000| Untracked 
|  16|0x0000000081000000, 0x0000000081100000, 0x0000000081100000|100%|HS|  |TAMS 0x0000000081100000, 0x0000000081100000| Complete 
|  17|0x0000000081100000, 0x0000000081200000, 0x0000000081200000|100%|HC|  |TAMS 0x0000000081200000, 0x0000000081200000| Complete 
|  18|0x0000000081200000, 0x0000000081300000, 0x0000000081300000|100%|HS|  |TAMS 0x0000000081300000, 0x0000000081300000| Complete 
|  19|0x0000000081300000, 0x0000000081400000, 0x0000000081400000|100%|HC|  |TAMS 0x0000000081400000, 0x0000000081400000| Complete 
|  20|0x0000000081400000, 0x0000000081500000, 0x0000000081500000|100%|HC|  |TAMS 0x0000000081500000, 0x0000000081500000| Complete 
|  21|0x0000000081500000, 0x0000000081600000, 0x0000000081600000|100%|HS|  |TAMS 0x0000000081600000, 0x0000000081600000| Complete 
|  22|0x0000000081600000, 0x0000000081700000, 0x0000000081700000|100%|HC|  |TAMS 0x0000000081700000, 0x0000000081700000| Complete 
|  23|0x0000000081700000, 0x0000000081800000, 0x0000000081800000|100%|HC|  |TAMS 0x0000000081800000, 0x0000000081800000| Complete 
|  24|0x0000000081800000, 0x0000000081900000, 0x0000000081900000|100%|HC|  |TAMS 0x0000000081900000, 0x0000000081900000| Complete 
|  25|0x0000000081900000, 0x0000000081a00000, 0x0000000081a00000|100%|HC|  |TAMS 0x0000000081a00000, 0x0000000081a00000| Complete 
|  26|0x0000000081a00000, 0x0000000081b00000, 0x0000000081b00000|100%| O|  |TAMS 0x0000000081b00000, 0x0000000081b00000| Untracked 
|  27|0x0000000081b00000, 0x0000000081c00000, 0x0000000081c00000|100%| O|  |TAMS 0x0000000081c00000, 0x0000000081c00000| Untracked 
|  28|0x0000000081c00000, 0x0000000081d00000, 0x0000000081d00000|100%| O|  |TAMS 0x0000000081d00000, 0x0000000081d00000| Untracked 
|  29|0x0000000081d00000, 0x0000000081e00000, 0x0000000081e00000|100%| O|  |TAMS 0x0000000081e00000, 0x0000000081e00000| Untracked 
|  30|0x0000000081e00000, 0x0000000081f00000, 0x0000000081f00000|100%| O|  |TAMS 0x0000000081f00000, 0x0000000081f00000| Untracked 
|  31|0x0000000081f00000, 0x0000000082000000, 0x0000000082000000|100%| O|  |TAMS 0x0000000082000000, 0x0000000082000000| Untracked 
|  32|0x0000000082000000, 0x0000000082100000, 0x0000000082100000|100%| O|  |TAMS 0x0000000082100000, 0x0000000082100000| Untracked 
|  33|0x0000000082100000, 0x0000000082200000, 0x0000000082200000|100%| O|  |TAMS 0x0000000082200000, 0x0000000082200000| Untracked 
|  34|0x0000000082200000, 0x0000000082300000, 0x0000000082300000|100%|HS|  |TAMS 0x0000000082300000, 0x0000000082300000| Complete 
|  35|0x0000000082300000, 0x0000000082400000, 0x0000000082400000|100%|HC|  |TAMS 0x0000000082400000, 0x0000000082400000| Complete 
|  36|0x0000000082400000, 0x0000000082500000, 0x0000000082500000|100%|HC|  |TAMS 0x0000000082500000, 0x0000000082500000| Complete 
|  37|0x0000000082500000, 0x0000000082600000, 0x0000000082600000|100%|HC|  |TAMS 0x0000000082600000, 0x0000000082600000| Complete 
|  38|0x0000000082600000, 0x0000000082700000, 0x0000000082700000|100%|HC|  |TAMS 0x0000000082700000, 0x0000000082700000| Complete 
|  39|0x0000000082700000, 0x0000000082800000, 0x0000000082800000|100%|HS|  |TAMS 0x0000000082800000, 0x0000000082800000| Complete 
|  40|0x0000000082800000, 0x0000000082900000, 0x0000000082900000|100%|HC|  |TAMS 0x0000000082900000, 0x0000000082900000| Complete 
|  41|0x0000000082900000, 0x0000000082a00000, 0x0000000082a00000|100%|HC|  |TAMS 0x0000000082a00000, 0x0000000082a00000| Complete 
|  42|0x0000000082a00000, 0x0000000082b00000, 0x0000000082b00000|100%| O|  |TAMS 0x0000000082b00000, 0x0000000082b00000| Untracked 
|  43|0x0000000082b00000, 0x0000000082c00000, 0x0000000082c00000|100%| O|  |TAMS 0x0000000082c00000, 0x0000000082c00000| Untracked 
|  44|0x0000000082c00000, 0x0000000082d00000, 0x0000000082d00000|100%| O|  |TAMS 0x0000000082d00000, 0x0000000082d00000| Untracked 
|  45|0x0000000082d00000, 0x0000000082e00000, 0x0000000082e00000|100%| O|  |TAMS 0x0000000082e00000, 0x0000000082e00000| Untracked 
|  46|0x0000000082e00000, 0x0000000082f00000, 0x0000000082f00000|100%| O|  |TAMS 0x0000000082f00000, 0x0000000082f00000| Untracked 
|  47|0x0000000082f00000, 0x0000000083000000, 0x0000000083000000|100%| O|  |TAMS 0x0000000083000000, 0x0000000083000000| Untracked 
|  48|0x0000000083000000, 0x0000000083100000, 0x0000000083100000|100%| O|  |TAMS 0x0000000083100000, 0x0000000083100000| Untracked 
|  49|0x0000000083100000, 0x0000000083200000, 0x0000000083200000|100%| O|  |TAMS 0x0000000083200000, 0x0000000083200000| Untracked 
|  50|0x0000000083200000, 0x0000000083300000, 0x0000000083300000|100%| O|  |TAMS 0x0000000083300000, 0x0000000083300000| Untracked 
|  51|0x0000000083300000, 0x0000000083400000, 0x0000000083400000|100%| O|  |TAMS 0x0000000083400000, 0x0000000083400000| Untracked 
|  52|0x0000000083400000, 0x0000000083500000, 0x0000000083500000|100%|HS|  |TAMS 0x0000000083500000, 0x0000000083500000| Complete 
|  53|0x0000000083500000, 0x0000000083600000, 0x0000000083600000|100%|HS|  |TAMS 0x0000000083600000, 0x0000000083600000| Complete 
|  54|0x0000000083600000, 0x0000000083700000, 0x0000000083700000|100%|HS|  |TAMS 0x0000000083700000, 0x0000000083700000| Complete 
|  55|0x0000000083700000, 0x0000000083800000, 0x0000000083800000|100%|HS|  |TAMS 0x0000000083800000, 0x0000000083800000| Complete 
|  56|0x0000000083800000, 0x0000000083900000, 0x0000000083900000|100%|HC|  |TAMS 0x0000000083900000, 0x0000000083900000| Complete 
|  57|0x0000000083900000, 0x0000000083a00000, 0x0000000083a00000|100%|HC|  |TAMS 0x0000000083a00000, 0x0000000083a00000| Complete 
|  58|0x0000000083a00000, 0x0000000083b00000, 0x0000000083b00000|100%|HS|  |TAMS 0x0000000083b00000, 0x0000000083b00000| Complete 
|  59|0x0000000083b00000, 0x0000000083c00000, 0x0000000083c00000|100%|HC|  |TAMS 0x0000000083c00000, 0x0000000083c00000| Complete 
|  60|0x0000000083c00000, 0x0000000083d00000, 0x0000000083d00000|100%| O|  |TAMS 0x0000000083d00000, 0x0000000083d00000| Untracked 
|  61|0x0000000083d00000, 0x0000000083e00000, 0x0000000083e00000|100%| O|  |TAMS 0x0000000083e00000, 0x0000000083e00000| Untracked 
|  62|0x0000000083e00000, 0x0000000083f00000, 0x0000000083f00000|100%| O|  |TAMS 0x0000000083f00000, 0x0000000083f00000| Untracked 
|  63|0x0000000083f00000, 0x0000000084000000, 0x0000000084000000|100%| O|  |TAMS 0x0000000084000000, 0x0000000084000000| Untracked 
|  64|0x0000000084000000, 0x0000000084100000, 0x0000000084100000|100%| O|  |TAMS 0x0000000084100000, 0x0000000084100000| Untracked 
|  65|0x0000000084100000, 0x0000000084200000, 0x0000000084200000|100%| O|  |TAMS 0x0000000084200000, 0x0000000084200000| Untracked 
|  66|0x0000000084200000, 0x0000000084300000, 0x0000000084300000|100%| O|  |TAMS 0x0000000084300000, 0x0000000084300000| Untracked 
|  67|0x0000000084300000, 0x0000000084400000, 0x0000000084400000|100%| O|  |TAMS 0x0000000084400000, 0x0000000084400000| Untracked 
|  68|0x0000000084400000, 0x0000000084500000, 0x0000000084500000|100%| O|  |TAMS 0x0000000084500000, 0x0000000084500000| Untracked 
|  69|0x0000000084500000, 0x0000000084600000, 0x0000000084600000|100%| O|  |TAMS 0x0000000084600000, 0x0000000084600000| Untracked 
|  70|0x0000000084600000, 0x0000000084700000, 0x0000000084700000|100%| O|  |TAMS 0x0000000084700000, 0x0000000084700000| Untracked 
|  71|0x0000000084700000, 0x0000000084800000, 0x0000000084800000|100%| O|  |TAMS 0x0000000084800000, 0x0000000084800000| Untracked 
|  72|0x0000000084800000, 0x0000000084900000, 0x0000000084900000|100%| O|  |TAMS 0x0000000084900000, 0x0000000084900000| Untracked 
|  73|0x0000000084900000, 0x0000000084a00000, 0x0000000084a00000|100%| O|  |TAMS 0x0000000084a00000, 0x0000000084a00000| Untracked 
|  74|0x0000000084a00000, 0x0000000084b00000, 0x0000000084b00000|100%| O|  |TAMS 0x0000000084b00000, 0x0000000084b00000| Untracked 
|  75|0x0000000084b00000, 0x0000000084c00000, 0x0000000084c00000|100%| O|  |TAMS 0x0000000084c00000, 0x0000000084c00000| Untracked 
|  76|0x0000000084c00000, 0x0000000084d00000, 0x0000000084d00000|100%| O|  |TAMS 0x0000000084d00000, 0x0000000084d00000| Untracked 
|  77|0x0000000084d00000, 0x0000000084e00000, 0x0000000084e00000|100%| O|  |TAMS 0x0000000084e00000, 0x0000000084e00000| Untracked 
|  78|0x0000000084e00000, 0x0000000084f00000, 0x0000000084f00000|100%| O|  |TAMS 0x0000000084f00000, 0x0000000084f00000| Untracked 
|  79|0x0000000084f00000, 0x0000000085000000, 0x0000000085000000|100%| O|  |TAMS 0x0000000085000000, 0x0000000085000000| Untracked 
|  80|0x0000000085000000, 0x0000000085100000, 0x0000000085100000|100%| O|  |TAMS 0x0000000085100000, 0x0000000085100000| Untracked 
|  81|0x0000000085100000, 0x0000000085200000, 0x0000000085200000|100%| O|  |TAMS 0x0000000085200000, 0x0000000085200000| Untracked 
|  82|0x0000000085200000, 0x0000000085300000, 0x0000000085300000|100%| O|  |TAMS 0x0000000085300000, 0x0000000085300000| Untracked 
|  83|0x0000000085300000, 0x0000000085400000, 0x0000000085400000|100%| O|  |TAMS 0x0000000085400000, 0x0000000085400000| Untracked 
|  84|0x0000000085400000, 0x0000000085500000, 0x0000000085500000|100%| O|  |TAMS 0x0000000085500000, 0x0000000085500000| Untracked 
|  85|0x0000000085500000, 0x0000000085600000, 0x0000000085600000|100%| O|  |TAMS 0x0000000085600000, 0x0000000085600000| Untracked 
|  86|0x0000000085600000, 0x0000000085700000, 0x0000000085700000|100%| O|  |TAMS 0x0000000085700000, 0x0000000085700000| Untracked 
|  87|0x0000000085700000, 0x0000000085800000, 0x0000000085800000|100%| O|  |TAMS 0x0000000085800000, 0x0000000085800000| Untracked 
|  88|0x0000000085800000, 0x0000000085900000, 0x0000000085900000|100%| O|  |TAMS 0x0000000085900000, 0x0000000085900000| Untracked 
|  89|0x0000000085900000, 0x0000000085a00000, 0x0000000085a00000|100%| O|  |TAMS 0x0000000085a00000, 0x0000000085a00000| Untracked 
|  90|0x0000000085a00000, 0x0000000085a00000, 0x0000000085b00000|  0%| F|  |TAMS 0x0000000085a00000, 0x0000000085a00000| Untracked 
|  91|0x0000000085b00000, 0x0000000085c00000, 0x0000000085c00000|100%| O|  |TAMS 0x0000000085c00000, 0x0000000085c00000| Untracked 
|  92|0x0000000085c00000, 0x0000000085d00000, 0x0000000085d00000|100%| O|  |TAMS 0x0000000085d00000, 0x0000000085d00000| Untracked 
|  93|0x0000000085d00000, 0x0000000085e00000, 0x0000000085e00000|100%| O|  |TAMS 0x0000000085e00000, 0x0000000085e00000| Untracked 
|  94|0x0000000085e00000, 0x0000000085f00000, 0x0000000085f00000|100%| O|  |TAMS 0x0000000085f00000, 0x0000000085f00000| Untracked 
|  95|0x0000000085f00000, 0x0000000085f00000, 0x0000000086000000|  0%| F|  |TAMS 0x0000000085f00000, 0x0000000085f00000| Untracked 
|  96|0x0000000086000000, 0x0000000086100000, 0x0000000086100000|100%| O|  |TAMS 0x0000000086100000, 0x0000000086100000| Untracked 
|  97|0x0000000086100000, 0x0000000086200000, 0x0000000086200000|100%| O|  |TAMS 0x0000000086200000, 0x0000000086200000| Untracked 
|  98|0x0000000086200000, 0x0000000086300000, 0x0000000086300000|100%| O|  |TAMS 0x0000000086300000, 0x0000000086300000| Untracked 
|  99|0x0000000086300000, 0x0000000086400000, 0x0000000086400000|100%| O|  |TAMS 0x0000000086400000, 0x0000000086400000| Untracked 
| 100|0x0000000086400000, 0x0000000086500000, 0x0000000086500000|100%| O|  |TAMS 0x0000000086500000, 0x0000000086500000| Untracked 
| 101|0x0000000086500000, 0x0000000086600000, 0x0000000086600000|100%| O|  |TAMS 0x0000000086600000, 0x0000000086600000| Untracked 
| 102|0x0000000086600000, 0x0000000086700000, 0x0000000086700000|100%| O|  |TAMS 0x0000000086700000, 0x0000000086700000| Untracked 
| 103|0x0000000086700000, 0x0000000086800000, 0x0000000086800000|100%| O|  |TAMS 0x0000000086800000, 0x0000000086800000| Untracked 
| 104|0x0000000086800000, 0x0000000086900000, 0x0000000086900000|100%| O|  |TAMS 0x0000000086900000, 0x0000000086900000| Untracked 
| 105|0x0000000086900000, 0x0000000086a00000, 0x0000000086a00000|100%| O|  |TAMS 0x0000000086a00000, 0x0000000086a00000| Untracked 
| 106|0x0000000086a00000, 0x0000000086b00000, 0x0000000086b00000|100%| O|  |TAMS 0x0000000086b00000, 0x0000000086b00000| Untracked 
| 107|0x0000000086b00000, 0x0000000086c00000, 0x0000000086c00000|100%| O|  |TAMS 0x0000000086b00000, 0x0000000086c00000| Untracked 
| 108|0x0000000086c00000, 0x0000000086d00000, 0x0000000086d00000|100%| O|  |TAMS 0x0000000086d00000, 0x0000000086d00000| Untracked 
| 109|0x0000000086d00000, 0x0000000086e00000, 0x0000000086e00000|100%| O|  |TAMS 0x0000000086d00000, 0x0000000086e00000| Untracked 
| 110|0x0000000086e00000, 0x0000000086f00000, 0x0000000086f00000|100%| O|  |TAMS 0x0000000086f00000, 0x0000000086f00000| Untracked 
| 111|0x0000000086f00000, 0x0000000087000000, 0x0000000087000000|100%| O|  |TAMS 0x0000000087000000, 0x0000000087000000| Untracked 
| 112|0x0000000087000000, 0x0000000087100000, 0x0000000087100000|100%| O|  |TAMS 0x0000000087100000, 0x0000000087100000| Untracked 
| 113|0x0000000087100000, 0x0000000087200000, 0x0000000087200000|100%| O|  |TAMS 0x0000000087200000, 0x0000000087200000| Untracked 
| 114|0x0000000087200000, 0x0000000087300000, 0x0000000087300000|100%| O|  |TAMS 0x0000000087300000, 0x0000000087300000| Untracked 
| 115|0x0000000087300000, 0x0000000087400000, 0x0000000087400000|100%| O|  |TAMS 0x0000000087400000, 0x0000000087400000| Untracked 
| 116|0x0000000087400000, 0x0000000087500000, 0x0000000087500000|100%| O|  |TAMS 0x0000000087500000, 0x0000000087500000| Untracked 
| 117|0x0000000087500000, 0x0000000087600000, 0x0000000087600000|100%| O|  |TAMS 0x0000000087600000, 0x0000000087600000| Untracked 
| 118|0x0000000087600000, 0x0000000087700000, 0x0000000087700000|100%| O|  |TAMS 0x0000000087700000, 0x0000000087700000| Untracked 
| 119|0x0000000087700000, 0x0000000087800000, 0x0000000087800000|100%| O|  |TAMS 0x0000000087800000, 0x0000000087800000| Untracked 
| 120|0x0000000087800000, 0x0000000087900000, 0x0000000087900000|100%| O|  |TAMS 0x0000000087900000, 0x0000000087900000| Untracked 
| 121|0x0000000087900000, 0x0000000087900000, 0x0000000087a00000|  0%| F|  |TAMS 0x0000000087900000, 0x0000000087900000| Untracked 
| 122|0x0000000087a00000, 0x0000000087b00000, 0x0000000087b00000|100%| O|  |TAMS 0x0000000087b00000, 0x0000000087b00000| Untracked 
| 123|0x0000000087b00000, 0x0000000087c00000, 0x0000000087c00000|100%| O|  |TAMS 0x0000000087c00000, 0x0000000087c00000| Untracked 
| 124|0x0000000087c00000, 0x0000000087d00000, 0x0000000087d00000|100%| O|  |TAMS 0x0000000087c00000, 0x0000000087d00000| Untracked 
| 125|0x0000000087d00000, 0x0000000087d00000, 0x0000000087e00000|  0%| F|  |TAMS 0x0000000087d00000, 0x0000000087d00000| Untracked 
| 126|0x0000000087e00000, 0x0000000087f00000, 0x0000000087f00000|100%| O|  |TAMS 0x0000000087f00000, 0x0000000087f00000| Untracked 
| 127|0x0000000087f00000, 0x0000000088000000, 0x0000000088000000|100%| O|  |TAMS 0x0000000088000000, 0x0000000088000000| Untracked 
| 128|0x0000000088000000, 0x0000000088100000, 0x0000000088100000|100%| O|  |TAMS 0x0000000088100000, 0x0000000088100000| Untracked 
| 129|0x0000000088100000, 0x0000000088200000, 0x0000000088200000|100%| O|  |TAMS 0x0000000088200000, 0x0000000088200000| Untracked 
| 130|0x0000000088200000, 0x0000000088300000, 0x0000000088300000|100%| O|  |TAMS 0x0000000088300000, 0x0000000088300000| Untracked 
| 131|0x0000000088300000, 0x0000000088400000, 0x0000000088400000|100%| O|  |TAMS 0x0000000088400000, 0x0000000088400000| Untracked 
| 132|0x0000000088400000, 0x0000000088500000, 0x0000000088500000|100%| O|  |TAMS 0x0000000088500000, 0x0000000088500000| Untracked 
| 133|0x0000000088500000, 0x0000000088600000, 0x0000000088600000|100%| O|  |TAMS 0x0000000088600000, 0x0000000088600000| Untracked 
| 134|0x0000000088600000, 0x0000000088700000, 0x0000000088700000|100%|HS|  |TAMS 0x0000000088700000, 0x0000000088700000| Complete 
| 135|0x0000000088700000, 0x0000000088800000, 0x0000000088800000|100%|HC|  |TAMS 0x0000000088800000, 0x0000000088800000| Complete 
| 136|0x0000000088800000, 0x0000000088900000, 0x0000000088900000|100%| O|  |TAMS 0x0000000088900000, 0x0000000088900000| Untracked 
| 137|0x0000000088900000, 0x0000000088a00000, 0x0000000088a00000|100%| O|  |TAMS 0x0000000088a00000, 0x0000000088a00000| Untracked 
| 138|0x0000000088a00000, 0x0000000088b00000, 0x0000000088b00000|100%| O|  |TAMS 0x0000000088b00000, 0x0000000088b00000| Untracked 
| 139|0x0000000088b00000, 0x0000000088c00000, 0x0000000088c00000|100%| O|  |TAMS 0x0000000088c00000, 0x0000000088c00000| Untracked 
| 140|0x0000000088c00000, 0x0000000088d00000, 0x0000000088d00000|100%| O|  |TAMS 0x0000000088d00000, 0x0000000088d00000| Untracked 
| 141|0x0000000088d00000, 0x0000000088e00000, 0x0000000088e00000|100%| O|  |TAMS 0x0000000088e00000, 0x0000000088e00000| Untracked 
| 142|0x0000000088e00000, 0x0000000088f00000, 0x0000000088f00000|100%| O|  |TAMS 0x0000000088f00000, 0x0000000088f00000| Untracked 
| 143|0x0000000088f00000, 0x0000000089000000, 0x0000000089000000|100%| O|  |TAMS 0x0000000089000000, 0x0000000089000000| Untracked 
| 144|0x0000000089000000, 0x0000000089100000, 0x0000000089100000|100%| O|  |TAMS 0x0000000089100000, 0x0000000089100000| Untracked 
| 145|0x0000000089100000, 0x0000000089200000, 0x0000000089200000|100%| O|  |TAMS 0x0000000089200000, 0x0000000089200000| Untracked 
| 146|0x0000000089200000, 0x0000000089300000, 0x0000000089300000|100%| O|  |TAMS 0x0000000089300000, 0x0000000089300000| Untracked 
| 147|0x0000000089300000, 0x0000000089300000, 0x0000000089400000|  0%| F|  |TAMS 0x0000000089300000, 0x0000000089300000| Untracked 
| 148|0x0000000089400000, 0x0000000089500000, 0x0000000089500000|100%| O|  |TAMS 0x0000000089500000, 0x0000000089500000| Untracked 
| 149|0x0000000089500000, 0x0000000089600000, 0x0000000089600000|100%| O|  |TAMS 0x0000000089500000, 0x0000000089600000| Untracked 
| 150|0x0000000089600000, 0x0000000089700000, 0x0000000089700000|100%| O|  |TAMS 0x0000000089700000, 0x0000000089700000| Untracked 
| 151|0x0000000089700000, 0x0000000089800000, 0x0000000089800000|100%| O|  |TAMS 0x0000000089800000, 0x0000000089800000| Untracked 
| 152|0x0000000089800000, 0x0000000089900000, 0x0000000089900000|100%| O|  |TAMS 0x0000000089800000, 0x0000000089900000| Untracked 
| 153|0x0000000089900000, 0x0000000089a00000, 0x0000000089a00000|100%| O|  |TAMS 0x0000000089900000, 0x0000000089a00000| Untracked 
| 154|0x0000000089a00000, 0x0000000089b00000, 0x0000000089b00000|100%| O|  |TAMS 0x0000000089a00000, 0x0000000089b00000| Untracked 
| 155|0x0000000089b00000, 0x0000000089c00000, 0x0000000089c00000|100%| O|  |TAMS 0x0000000089c00000, 0x0000000089c00000| Untracked 
| 156|0x0000000089c00000, 0x0000000089d00000, 0x0000000089d00000|100%| O|  |TAMS 0x0000000089d00000, 0x0000000089d00000| Untracked 
| 157|0x0000000089d00000, 0x0000000089e00000, 0x0000000089e00000|100%| O|  |TAMS 0x0000000089e00000, 0x0000000089e00000| Untracked 
| 158|0x0000000089e00000, 0x0000000089f00000, 0x0000000089f00000|100%| O|  |TAMS 0x0000000089f00000, 0x0000000089f00000| Untracked 
| 159|0x0000000089f00000, 0x000000008a000000, 0x000000008a000000|100%| O|  |TAMS 0x000000008a000000, 0x000000008a000000| Untracked 
| 160|0x000000008a000000, 0x000000008a100000, 0x000000008a100000|100%| O|  |TAMS 0x000000008a100000, 0x000000008a100000| Untracked 
| 161|0x000000008a100000, 0x000000008a200000, 0x000000008a200000|100%| O|  |TAMS 0x000000008a100000, 0x000000008a200000| Untracked 
| 162|0x000000008a200000, 0x000000008a300000, 0x000000008a300000|100%| O|  |TAMS 0x000000008a200000, 0x000000008a300000| Untracked 
| 163|0x000000008a300000, 0x000000008a317000, 0x000000008a400000|  8%| O|  |TAMS 0x000000008a300000, 0x000000008a317000| Untracked 
| 164|0x000000008a400000, 0x000000008a500000, 0x000000008a500000|100%| O|  |TAMS 0x000000008a500000, 0x000000008a500000| Untracked 
| 165|0x000000008a500000, 0x000000008a500000, 0x000000008a600000|  0%| F|  |TAMS 0x000000008a500000, 0x000000008a500000| Untracked 
| 166|0x000000008a600000, 0x000000008a700000, 0x000000008a700000|100%| O|  |TAMS 0x000000008a700000, 0x000000008a700000| Untracked 
| 167|0x000000008a700000, 0x000000008a700000, 0x000000008a800000|  0%| F|  |TAMS 0x000000008a700000, 0x000000008a700000| Untracked 
| 168|0x000000008a800000, 0x000000008a900000, 0x000000008a900000|100%| O|  |TAMS 0x000000008a900000, 0x000000008a900000| Untracked 
| 169|0x000000008a900000, 0x000000008aa00000, 0x000000008aa00000|100%| O|  |TAMS 0x000000008aa00000, 0x000000008aa00000| Untracked 
| 170|0x000000008aa00000, 0x000000008ab00000, 0x000000008ab00000|100%| O|  |TAMS 0x000000008ab00000, 0x000000008ab00000| Untracked 
| 171|0x000000008ab00000, 0x000000008ac00000, 0x000000008ac00000|100%| O|  |TAMS 0x000000008ac00000, 0x000000008ac00000| Untracked 
| 172|0x000000008ac00000, 0x000000008ad00000, 0x000000008ad00000|100%| O|  |TAMS 0x000000008ad00000, 0x000000008ad00000| Untracked 
| 173|0x000000008ad00000, 0x000000008ae00000, 0x000000008ae00000|100%| O|  |TAMS 0x000000008ae00000, 0x000000008ae00000| Untracked 
| 174|0x000000008ae00000, 0x000000008af00000, 0x000000008af00000|100%| O|  |TAMS 0x000000008af00000, 0x000000008af00000| Untracked 
| 175|0x000000008af00000, 0x000000008b000000, 0x000000008b000000|100%| O|  |TAMS 0x000000008b000000, 0x000000008b000000| Untracked 
| 176|0x000000008b000000, 0x000000008b100000, 0x000000008b100000|100%| O|  |TAMS 0x000000008b100000, 0x000000008b100000| Untracked 
| 177|0x000000008b100000, 0x000000008b200000, 0x000000008b200000|100%| O|  |TAMS 0x000000008b200000, 0x000000008b200000| Untracked 
| 178|0x000000008b200000, 0x000000008b300000, 0x000000008b300000|100%| O|  |TAMS 0x000000008b300000, 0x000000008b300000| Untracked 
| 179|0x000000008b300000, 0x000000008b400000, 0x000000008b400000|100%| O|  |TAMS 0x000000008b400000, 0x000000008b400000| Untracked 
| 180|0x000000008b400000, 0x000000008b400000, 0x000000008b500000|  0%| F|  |TAMS 0x000000008b400000, 0x000000008b400000| Untracked 
| 181|0x000000008b500000, 0x000000008b500000, 0x000000008b600000|  0%| F|  |TAMS 0x000000008b500000, 0x000000008b500000| Untracked 
| 182|0x000000008b600000, 0x000000008b700000, 0x000000008b700000|100%| O|  |TAMS 0x000000008b700000, 0x000000008b700000| Untracked 
| 183|0x000000008b700000, 0x000000008b800000, 0x000000008b800000|100%| O|  |TAMS 0x000000008b800000, 0x000000008b800000| Untracked 
| 184|0x000000008b800000, 0x000000008b900000, 0x000000008b900000|100%| O|  |TAMS 0x000000008b900000, 0x000000008b900000| Untracked 
| 185|0x000000008b900000, 0x000000008ba00000, 0x000000008ba00000|100%| O|  |TAMS 0x000000008ba00000, 0x000000008ba00000| Untracked 
| 186|0x000000008ba00000, 0x000000008ba00000, 0x000000008bb00000|  0%| F|  |TAMS 0x000000008ba00000, 0x000000008ba00000| Untracked 
| 187|0x000000008bb00000, 0x000000008bb00000, 0x000000008bc00000|  0%| F|  |TAMS 0x000000008bb00000, 0x000000008bb00000| Untracked 
| 188|0x000000008bc00000, 0x000000008bc00000, 0x000000008bd00000|  0%| F|  |TAMS 0x000000008bc00000, 0x000000008bc00000| Untracked 
| 189|0x000000008bd00000, 0x000000008bd00000, 0x000000008be00000|  0%| F|  |TAMS 0x000000008bd00000, 0x000000008bd00000| Untracked 
| 190|0x000000008be00000, 0x000000008be00000, 0x000000008bf00000|  0%| F|  |TAMS 0x000000008be00000, 0x000000008be00000| Untracked 
| 191|0x000000008bf00000, 0x000000008bf00000, 0x000000008c000000|  0%| F|  |TAMS 0x000000008bf00000, 0x000000008bf00000| Untracked 
| 192|0x000000008c000000, 0x000000008c000000, 0x000000008c100000|  0%| F|  |TAMS 0x000000008c000000, 0x000000008c000000| Untracked 
| 193|0x000000008c100000, 0x000000008c100000, 0x000000008c200000|  0%| F|  |TAMS 0x000000008c100000, 0x000000008c100000| Untracked 
| 194|0x000000008c200000, 0x000000008c200000, 0x000000008c300000|  0%| F|  |TAMS 0x000000008c200000, 0x000000008c200000| Untracked 
| 195|0x000000008c300000, 0x000000008c300000, 0x000000008c400000|  0%| F|  |TAMS 0x000000008c300000, 0x000000008c300000| Untracked 
| 196|0x000000008c400000, 0x000000008c400000, 0x000000008c500000|  0%| F|  |TAMS 0x000000008c400000, 0x000000008c400000| Untracked 
| 197|0x000000008c500000, 0x000000008c500000, 0x000000008c600000|  0%| F|  |TAMS 0x000000008c500000, 0x000000008c500000| Untracked 
| 198|0x000000008c600000, 0x000000008c600000, 0x000000008c700000|  0%| F|  |TAMS 0x000000008c600000, 0x000000008c600000| Untracked 
| 199|0x000000008c700000, 0x000000008c700000, 0x000000008c800000|  0%| F|  |TAMS 0x000000008c700000, 0x000000008c700000| Untracked 
| 200|0x000000008c800000, 0x000000008c800000, 0x000000008c900000|  0%| F|  |TAMS 0x000000008c800000, 0x000000008c800000| Untracked 
| 201|0x000000008c900000, 0x000000008c900000, 0x000000008ca00000|  0%| F|  |TAMS 0x000000008c900000, 0x000000008c900000| Untracked 
| 202|0x000000008ca00000, 0x000000008ca00000, 0x000000008cb00000|  0%| F|  |TAMS 0x000000008ca00000, 0x000000008ca00000| Untracked 
| 203|0x000000008cb00000, 0x000000008cb00000, 0x000000008cc00000|  0%| F|  |TAMS 0x000000008cb00000, 0x000000008cb00000| Untracked 
| 204|0x000000008cc00000, 0x000000008cc00000, 0x000000008cd00000|  0%| F|  |TAMS 0x000000008cc00000, 0x000000008cc00000| Untracked 
| 205|0x000000008cd00000, 0x000000008cd00000, 0x000000008ce00000|  0%| F|  |TAMS 0x000000008cd00000, 0x000000008cd00000| Untracked 
| 206|0x000000008ce00000, 0x000000008ce00000, 0x000000008cf00000|  0%| F|  |TAMS 0x000000008ce00000, 0x000000008ce00000| Untracked 
| 207|0x000000008cf00000, 0x000000008cf00000, 0x000000008d000000|  0%| F|  |TAMS 0x000000008cf00000, 0x000000008cf00000| Untracked 
| 208|0x000000008d000000, 0x000000008d000000, 0x000000008d100000|  0%| F|  |TAMS 0x000000008d000000, 0x000000008d000000| Untracked 
| 209|0x000000008d100000, 0x000000008d100000, 0x000000008d200000|  0%| F|  |TAMS 0x000000008d100000, 0x000000008d100000| Untracked 
| 210|0x000000008d200000, 0x000000008d200000, 0x000000008d300000|  0%| F|  |TAMS 0x000000008d200000, 0x000000008d200000| Untracked 
| 211|0x000000008d300000, 0x000000008d300000, 0x000000008d400000|  0%| F|  |TAMS 0x000000008d300000, 0x000000008d300000| Untracked 
| 212|0x000000008d400000, 0x000000008d400000, 0x000000008d500000|  0%| F|  |TAMS 0x000000008d400000, 0x000000008d400000| Untracked 
| 213|0x000000008d500000, 0x000000008d500000, 0x000000008d600000|  0%| F|  |TAMS 0x000000008d500000, 0x000000008d500000| Untracked 
| 214|0x000000008d600000, 0x000000008d600000, 0x000000008d700000|  0%| F|  |TAMS 0x000000008d600000, 0x000000008d600000| Untracked 
| 215|0x000000008d700000, 0x000000008d700000, 0x000000008d800000|  0%| F|  |TAMS 0x000000008d700000, 0x000000008d700000| Untracked 
| 216|0x000000008d800000, 0x000000008d800000, 0x000000008d900000|  0%| F|  |TAMS 0x000000008d800000, 0x000000008d800000| Untracked 
| 217|0x000000008d900000, 0x000000008d900000, 0x000000008da00000|  0%| F|  |TAMS 0x000000008d900000, 0x000000008d900000| Untracked 
| 218|0x000000008da00000, 0x000000008da00000, 0x000000008db00000|  0%| F|  |TAMS 0x000000008da00000, 0x000000008da00000| Untracked 
| 219|0x000000008db00000, 0x000000008db00000, 0x000000008dc00000|  0%| F|  |TAMS 0x000000008db00000, 0x000000008db00000| Untracked 
| 220|0x000000008dc00000, 0x000000008dc00000, 0x000000008dd00000|  0%| F|  |TAMS 0x000000008dc00000, 0x000000008dc00000| Untracked 
| 221|0x000000008dd00000, 0x000000008dd00000, 0x000000008de00000|  0%| F|  |TAMS 0x000000008dd00000, 0x000000008dd00000| Untracked 
| 222|0x000000008de00000, 0x000000008de00000, 0x000000008df00000|  0%| F|  |TAMS 0x000000008de00000, 0x000000008de00000| Untracked 
| 223|0x000000008df00000, 0x000000008df00000, 0x000000008e000000|  0%| F|  |TAMS 0x000000008df00000, 0x000000008df00000| Untracked 
| 224|0x000000008e000000, 0x000000008e020748, 0x000000008e100000| 12%| S|CS|TAMS 0x000000008e000000, 0x000000008e000000| Complete 
| 225|0x000000008e100000, 0x000000008e200000, 0x000000008e200000|100%| S|CS|TAMS 0x000000008e100000, 0x000000008e100000| Complete 
| 226|0x000000008e200000, 0x000000008e300000, 0x000000008e300000|100%| S|CS|TAMS 0x000000008e200000, 0x000000008e200000| Complete 
| 227|0x000000008e300000, 0x000000008e400000, 0x000000008e400000|100%| S|CS|TAMS 0x000000008e300000, 0x000000008e300000| Complete 
| 228|0x000000008e400000, 0x000000008e400000, 0x000000008e500000|  0%| F|  |TAMS 0x000000008e400000, 0x000000008e400000| Untracked 
| 229|0x000000008e500000, 0x000000008e500000, 0x000000008e600000|  0%| F|  |TAMS 0x000000008e500000, 0x000000008e500000| Untracked 
| 230|0x000000008e600000, 0x000000008e600000, 0x000000008e700000|  0%| F|  |TAMS 0x000000008e600000, 0x000000008e600000| Untracked 
| 231|0x000000008e700000, 0x000000008e700000, 0x000000008e800000|  0%| F|  |TAMS 0x000000008e700000, 0x000000008e700000| Untracked 
| 232|0x000000008e800000, 0x000000008e800000, 0x000000008e900000|  0%| F|  |TAMS 0x000000008e800000, 0x000000008e800000| Untracked 
| 233|0x000000008e900000, 0x000000008e900000, 0x000000008ea00000|  0%| F|  |TAMS 0x000000008e900000, 0x000000008e900000| Untracked 
| 234|0x000000008ea00000, 0x000000008ea00000, 0x000000008eb00000|  0%| F|  |TAMS 0x000000008ea00000, 0x000000008ea00000| Untracked 
| 235|0x000000008eb00000, 0x000000008eb00000, 0x000000008ec00000|  0%| F|  |TAMS 0x000000008eb00000, 0x000000008eb00000| Untracked 
| 236|0x000000008ec00000, 0x000000008ec00000, 0x000000008ed00000|  0%| F|  |TAMS 0x000000008ec00000, 0x000000008ec00000| Untracked 
| 237|0x000000008ed00000, 0x000000008ed00000, 0x000000008ee00000|  0%| F|  |TAMS 0x000000008ed00000, 0x000000008ed00000| Untracked 
| 238|0x000000008ee00000, 0x000000008ee00000, 0x000000008ef00000|  0%| F|  |TAMS 0x000000008ee00000, 0x000000008ee00000| Untracked 
| 239|0x000000008ef00000, 0x000000008ef00000, 0x000000008f000000|  0%| F|  |TAMS 0x000000008ef00000, 0x000000008ef00000| Untracked 
| 240|0x000000008f000000, 0x000000008f000000, 0x000000008f100000|  0%| F|  |TAMS 0x000000008f000000, 0x000000008f000000| Untracked 
| 241|0x000000008f100000, 0x000000008f100000, 0x000000008f200000|  0%| F|  |TAMS 0x000000008f100000, 0x000000008f100000| Untracked 
| 242|0x000000008f200000, 0x000000008f200000, 0x000000008f300000|  0%| F|  |TAMS 0x000000008f200000, 0x000000008f200000| Untracked 
| 243|0x000000008f300000, 0x000000008f300000, 0x000000008f400000|  0%| F|  |TAMS 0x000000008f300000, 0x000000008f300000| Untracked 
| 244|0x000000008f400000, 0x000000008f400000, 0x000000008f500000|  0%| F|  |TAMS 0x000000008f400000, 0x000000008f400000| Untracked 
| 245|0x000000008f500000, 0x000000008f500000, 0x000000008f600000|  0%| F|  |TAMS 0x000000008f500000, 0x000000008f500000| Untracked 
| 246|0x000000008f600000, 0x000000008f600000, 0x000000008f700000|  0%| F|  |TAMS 0x000000008f600000, 0x000000008f600000| Untracked 
| 247|0x000000008f700000, 0x000000008f700000, 0x000000008f800000|  0%| F|  |TAMS 0x000000008f700000, 0x000000008f700000| Untracked 
| 248|0x000000008f800000, 0x000000008f800000, 0x000000008f900000|  0%| F|  |TAMS 0x000000008f800000, 0x000000008f800000| Untracked 
| 249|0x000000008f900000, 0x000000008f900000, 0x000000008fa00000|  0%| F|  |TAMS 0x000000008f900000, 0x000000008f900000| Untracked 
| 250|0x000000008fa00000, 0x000000008fa00000, 0x000000008fb00000|  0%| F|  |TAMS 0x000000008fa00000, 0x000000008fa00000| Untracked 
| 251|0x000000008fb00000, 0x000000008fb00000, 0x000000008fc00000|  0%| F|  |TAMS 0x000000008fb00000, 0x000000008fb00000| Untracked 
| 252|0x000000008fc00000, 0x000000008fc00000, 0x000000008fd00000|  0%| F|  |TAMS 0x000000008fc00000, 0x000000008fc00000| Untracked 
| 253|0x000000008fd00000, 0x000000008fd00000, 0x000000008fe00000|  0%| F|  |TAMS 0x000000008fd00000, 0x000000008fd00000| Untracked 
| 254|0x000000008fe00000, 0x000000008fe00000, 0x000000008ff00000|  0%| F|  |TAMS 0x000000008fe00000, 0x000000008fe00000| Untracked 
| 255|0x000000008ff00000, 0x000000008ff00000, 0x0000000090000000|  0%| F|  |TAMS 0x000000008ff00000, 0x000000008ff00000| Untracked 
| 256|0x0000000090000000, 0x0000000090000000, 0x0000000090100000|  0%| F|  |TAMS 0x0000000090000000, 0x0000000090000000| Untracked 
| 257|0x0000000090100000, 0x0000000090100000, 0x0000000090200000|  0%| F|  |TAMS 0x0000000090100000, 0x0000000090100000| Untracked 
| 258|0x0000000090200000, 0x0000000090200000, 0x0000000090300000|  0%| F|  |TAMS 0x0000000090200000, 0x0000000090200000| Untracked 
| 259|0x0000000090300000, 0x0000000090300000, 0x0000000090400000|  0%| F|  |TAMS 0x0000000090300000, 0x0000000090300000| Untracked 
| 260|0x0000000090400000, 0x0000000090400000, 0x0000000090500000|  0%| F|  |TAMS 0x0000000090400000, 0x0000000090400000| Untracked 
| 261|0x0000000090500000, 0x0000000090500000, 0x0000000090600000|  0%| F|  |TAMS 0x0000000090500000, 0x0000000090500000| Untracked 
| 262|0x0000000090600000, 0x0000000090600000, 0x0000000090700000|  0%| F|  |TAMS 0x0000000090600000, 0x0000000090600000| Untracked 
| 263|0x0000000090700000, 0x0000000090700000, 0x0000000090800000|  0%| F|  |TAMS 0x0000000090700000, 0x0000000090700000| Untracked 
| 264|0x0000000090800000, 0x0000000090800000, 0x0000000090900000|  0%| F|  |TAMS 0x0000000090800000, 0x0000000090800000| Untracked 
| 265|0x0000000090900000, 0x0000000090900000, 0x0000000090a00000|  0%| F|  |TAMS 0x0000000090900000, 0x0000000090900000| Untracked 
| 266|0x0000000090a00000, 0x0000000090a00000, 0x0000000090b00000|  0%| F|  |TAMS 0x0000000090a00000, 0x0000000090a00000| Untracked 
| 267|0x0000000090b00000, 0x0000000090b00000, 0x0000000090c00000|  0%| F|  |TAMS 0x0000000090b00000, 0x0000000090b00000| Untracked 
| 268|0x0000000090c00000, 0x0000000090c00000, 0x0000000090d00000|  0%| F|  |TAMS 0x0000000090c00000, 0x0000000090c00000| Untracked 
| 269|0x0000000090d00000, 0x0000000090d00000, 0x0000000090e00000|  0%| F|  |TAMS 0x0000000090d00000, 0x0000000090d00000| Untracked 
| 270|0x0000000090e00000, 0x0000000090e00000, 0x0000000090f00000|  0%| F|  |TAMS 0x0000000090e00000, 0x0000000090e00000| Untracked 
| 271|0x0000000090f00000, 0x0000000090f00000, 0x0000000091000000|  0%| F|  |TAMS 0x0000000090f00000, 0x0000000090f00000| Untracked 
| 272|0x0000000091000000, 0x0000000091000000, 0x0000000091100000|  0%| F|  |TAMS 0x0000000091000000, 0x0000000091000000| Untracked 
| 273|0x0000000091100000, 0x0000000091100000, 0x0000000091200000|  0%| F|  |TAMS 0x0000000091100000, 0x0000000091100000| Untracked 
| 274|0x0000000091200000, 0x0000000091200000, 0x0000000091300000|  0%| F|  |TAMS 0x0000000091200000, 0x0000000091200000| Untracked 
| 275|0x0000000091300000, 0x0000000091300000, 0x0000000091400000|  0%| F|  |TAMS 0x0000000091300000, 0x0000000091300000| Untracked 
| 276|0x0000000091400000, 0x0000000091400000, 0x0000000091500000|  0%| F|  |TAMS 0x0000000091400000, 0x0000000091400000| Untracked 
| 277|0x0000000091500000, 0x0000000091500000, 0x0000000091600000|  0%| F|  |TAMS 0x0000000091500000, 0x0000000091500000| Untracked 
| 278|0x0000000091600000, 0x0000000091600000, 0x0000000091700000|  0%| F|  |TAMS 0x0000000091600000, 0x0000000091600000| Untracked 
| 279|0x0000000091700000, 0x0000000091700000, 0x0000000091800000|  0%| F|  |TAMS 0x0000000091700000, 0x0000000091700000| Untracked 
| 280|0x0000000091800000, 0x0000000091800000, 0x0000000091900000|  0%| F|  |TAMS 0x0000000091800000, 0x0000000091800000| Untracked 
| 281|0x0000000091900000, 0x0000000091900000, 0x0000000091a00000|  0%| F|  |TAMS 0x0000000091900000, 0x0000000091900000| Untracked 
| 282|0x0000000091a00000, 0x0000000091a00000, 0x0000000091b00000|  0%| F|  |TAMS 0x0000000091a00000, 0x0000000091a00000| Untracked 
| 283|0x0000000091b00000, 0x0000000091b00000, 0x0000000091c00000|  0%| F|  |TAMS 0x0000000091b00000, 0x0000000091b00000| Untracked 
| 284|0x0000000091c00000, 0x0000000091c00000, 0x0000000091d00000|  0%| F|  |TAMS 0x0000000091c00000, 0x0000000091c00000| Untracked 
| 285|0x0000000091d00000, 0x0000000091d00000, 0x0000000091e00000|  0%| F|  |TAMS 0x0000000091d00000, 0x0000000091d00000| Untracked 
| 286|0x0000000091e00000, 0x0000000091e00000, 0x0000000091f00000|  0%| F|  |TAMS 0x0000000091e00000, 0x0000000091e00000| Untracked 
| 287|0x0000000091f00000, 0x0000000091f00000, 0x0000000092000000|  0%| F|  |TAMS 0x0000000091f00000, 0x0000000091f00000| Untracked 
| 288|0x0000000092000000, 0x0000000092000000, 0x0000000092100000|  0%| F|  |TAMS 0x0000000092000000, 0x0000000092000000| Untracked 
| 289|0x0000000092100000, 0x0000000092100000, 0x0000000092200000|  0%| F|  |TAMS 0x0000000092100000, 0x0000000092100000| Untracked 
| 290|0x0000000092200000, 0x0000000092200000, 0x0000000092300000|  0%| F|  |TAMS 0x0000000092200000, 0x0000000092200000| Untracked 
| 291|0x0000000092300000, 0x0000000092300000, 0x0000000092400000|  0%| F|  |TAMS 0x0000000092300000, 0x0000000092300000| Untracked 
| 292|0x0000000092400000, 0x0000000092400000, 0x0000000092500000|  0%| F|  |TAMS 0x0000000092400000, 0x0000000092400000| Untracked 
| 293|0x0000000092500000, 0x0000000092500000, 0x0000000092600000|  0%| F|  |TAMS 0x0000000092500000, 0x0000000092500000| Untracked 
| 294|0x0000000092600000, 0x0000000092600000, 0x0000000092700000|  0%| F|  |TAMS 0x0000000092600000, 0x0000000092600000| Untracked 
| 295|0x0000000092700000, 0x0000000092700000, 0x0000000092800000|  0%| F|  |TAMS 0x0000000092700000, 0x0000000092700000| Untracked 
| 296|0x0000000092800000, 0x0000000092800000, 0x0000000092900000|  0%| F|  |TAMS 0x0000000092800000, 0x0000000092800000| Untracked 
| 297|0x0000000092900000, 0x0000000092900000, 0x0000000092a00000|  0%| F|  |TAMS 0x0000000092900000, 0x0000000092900000| Untracked 
| 298|0x0000000092a00000, 0x0000000092a00000, 0x0000000092b00000|  0%| F|  |TAMS 0x0000000092a00000, 0x0000000092a00000| Untracked 
| 299|0x0000000092b00000, 0x0000000092b00000, 0x0000000092c00000|  0%| F|  |TAMS 0x0000000092b00000, 0x0000000092b00000| Untracked 
| 300|0x0000000092c00000, 0x0000000092c00000, 0x0000000092d00000|  0%| F|  |TAMS 0x0000000092c00000, 0x0000000092c00000| Untracked 
| 301|0x0000000092d00000, 0x0000000092d00000, 0x0000000092e00000|  0%| F|  |TAMS 0x0000000092d00000, 0x0000000092d00000| Untracked 
| 302|0x0000000092e00000, 0x0000000092e00000, 0x0000000092f00000|  0%| F|  |TAMS 0x0000000092e00000, 0x0000000092e00000| Untracked 
| 303|0x0000000092f00000, 0x0000000092f00000, 0x0000000093000000|  0%| F|  |TAMS 0x0000000092f00000, 0x0000000092f00000| Untracked 
| 304|0x0000000093000000, 0x0000000093000000, 0x0000000093100000|  0%| F|  |TAMS 0x0000000093000000, 0x0000000093000000| Untracked 
| 305|0x0000000093100000, 0x0000000093100000, 0x0000000093200000|  0%| F|  |TAMS 0x0000000093100000, 0x0000000093100000| Untracked 
| 306|0x0000000093200000, 0x0000000093200000, 0x0000000093300000|  0%| F|  |TAMS 0x0000000093200000, 0x0000000093200000| Untracked 
| 307|0x0000000093300000, 0x0000000093300000, 0x0000000093400000|  0%| F|  |TAMS 0x0000000093300000, 0x0000000093300000| Untracked 
| 308|0x0000000093400000, 0x0000000093400000, 0x0000000093500000|  0%| F|  |TAMS 0x0000000093400000, 0x0000000093400000| Untracked 
| 309|0x0000000093500000, 0x0000000093500000, 0x0000000093600000|  0%| F|  |TAMS 0x0000000093500000, 0x0000000093500000| Untracked 
| 310|0x0000000093600000, 0x0000000093600000, 0x0000000093700000|  0%| F|  |TAMS 0x0000000093600000, 0x0000000093600000| Untracked 
| 311|0x0000000093700000, 0x0000000093700000, 0x0000000093800000|  0%| F|  |TAMS 0x0000000093700000, 0x0000000093700000| Untracked 
| 312|0x0000000093800000, 0x0000000093800000, 0x0000000093900000|  0%| F|  |TAMS 0x0000000093800000, 0x0000000093800000| Untracked 
| 313|0x0000000093900000, 0x0000000093900000, 0x0000000093a00000|  0%| F|  |TAMS 0x0000000093900000, 0x0000000093900000| Untracked 
| 314|0x0000000093a00000, 0x0000000093a00000, 0x0000000093b00000|  0%| F|  |TAMS 0x0000000093a00000, 0x0000000093a00000| Untracked 
| 315|0x0000000093b00000, 0x0000000093b00000, 0x0000000093c00000|  0%| F|  |TAMS 0x0000000093b00000, 0x0000000093b00000| Untracked 
| 316|0x0000000093c00000, 0x0000000093c00000, 0x0000000093d00000|  0%| F|  |TAMS 0x0000000093c00000, 0x0000000093c00000| Untracked 
| 317|0x0000000093d00000, 0x0000000093d00000, 0x0000000093e00000|  0%| F|  |TAMS 0x0000000093d00000, 0x0000000093d00000| Untracked 
| 318|0x0000000093e00000, 0x0000000093e00000, 0x0000000093f00000|  0%| F|  |TAMS 0x0000000093e00000, 0x0000000093e00000| Untracked 
| 319|0x0000000093f00000, 0x0000000093f00000, 0x0000000094000000|  0%| F|  |TAMS 0x0000000093f00000, 0x0000000093f00000| Untracked 
| 320|0x0000000094000000, 0x0000000094000000, 0x0000000094100000|  0%| F|  |TAMS 0x0000000094000000, 0x0000000094000000| Untracked 
| 321|0x0000000094100000, 0x0000000094100000, 0x0000000094200000|  0%| F|  |TAMS 0x0000000094100000, 0x0000000094100000| Untracked 
| 322|0x0000000094200000, 0x0000000094200000, 0x0000000094300000|  0%| F|  |TAMS 0x0000000094200000, 0x0000000094200000| Untracked 
| 323|0x0000000094300000, 0x0000000094300000, 0x0000000094400000|  0%| F|  |TAMS 0x0000000094300000, 0x0000000094300000| Untracked 
| 324|0x0000000094400000, 0x0000000094400000, 0x0000000094500000|  0%| F|  |TAMS 0x0000000094400000, 0x0000000094400000| Untracked 
| 325|0x0000000094500000, 0x0000000094500000, 0x0000000094600000|  0%| F|  |TAMS 0x0000000094500000, 0x0000000094500000| Untracked 
| 326|0x0000000094600000, 0x0000000094600000, 0x0000000094700000|  0%| F|  |TAMS 0x0000000094600000, 0x0000000094600000| Untracked 
| 327|0x0000000094700000, 0x0000000094700000, 0x0000000094800000|  0%| F|  |TAMS 0x0000000094700000, 0x0000000094700000| Untracked 
| 328|0x0000000094800000, 0x0000000094800000, 0x0000000094900000|  0%| F|  |TAMS 0x0000000094800000, 0x0000000094800000| Untracked 
| 329|0x0000000094900000, 0x0000000094900000, 0x0000000094a00000|  0%| F|  |TAMS 0x0000000094900000, 0x0000000094900000| Untracked 
| 330|0x0000000094a00000, 0x0000000094a00000, 0x0000000094b00000|  0%| F|  |TAMS 0x0000000094a00000, 0x0000000094a00000| Untracked 
| 331|0x0000000094b00000, 0x0000000094b00000, 0x0000000094c00000|  0%| F|  |TAMS 0x0000000094b00000, 0x0000000094b00000| Untracked 
| 332|0x0000000094c00000, 0x0000000094c00000, 0x0000000094d00000|  0%| F|  |TAMS 0x0000000094c00000, 0x0000000094c00000| Untracked 
| 333|0x0000000094d00000, 0x0000000094d00000, 0x0000000094e00000|  0%| F|  |TAMS 0x0000000094d00000, 0x0000000094d00000| Untracked 

Card table byte_map: [0x0000013e2b0a0000,0x0000013e2b4a0000] _byte_map_base: 0x0000013e2aca0000

Marking Bits (Prev, Next): (CMBitMap*) 0x0000013e181ee9a8, (CMBitMap*) 0x0000013e181ee9e0
 Prev Bits: [0x0000013e2b8a0000, 0x0000013e2d8a0000)
 Next Bits: [0x0000013e2d8a0000, 0x0000013e2f8a0000)

Polling page: 0x0000013e17990000

Metaspace:

Usage:
  Non-class:    117.87 MB capacity,   115.78 MB ( 98%) used,     1.67 MB (  1%) free+waste,   424.69 KB ( <1%) overhead. 
      Class:     17.49 MB capacity,    16.23 MB ( 93%) used,     1.08 MB (  6%) free+waste,   184.06 KB (  1%) overhead. 
       Both:    135.36 MB capacity,   132.01 MB ( 98%) used,     2.75 MB (  2%) free+waste,   608.75 KB ( <1%) overhead. 

Virtual space:
  Non-class space:      118.00 MB reserved,     118.00 MB (100%) committed 
      Class space:        1.00 GB reserved,      17.50 MB (  2%) committed 
             Both:        1.12 GB reserved,     135.50 MB ( 12%) committed 

Chunk freelists:
   Non-Class:  6.00 KB
       Class:  0 bytes
        Both:  6.00 KB

MaxMetaspaceSize: 17179869184.00 GB
CompressedClassSpaceSize: 1.00 GB

CodeHeap 'non-profiled nmethods': size=120064Kb used=16748Kb max_used=16748Kb free=103315Kb
 bounds [0x0000013e23760000, 0x0000013e24810000, 0x0000013e2aca0000]
CodeHeap 'profiled nmethods': size=120000Kb used=49305Kb max_used=49305Kb free=70694Kb
 bounds [0x0000013e1c230000, 0x0000013e1f380000, 0x0000013e23760000]
CodeHeap 'non-nmethods': size=5696Kb used=2437Kb max_used=2526Kb free=3258Kb
 bounds [0x0000013e1bca0000, 0x0000013e1bf20000, 0x0000013e1c230000]
 total_blobs=21604 nmethods=20500 adapters=1013
 compilation: enabled
              stopped_count=0, restarted_count=0
 full_count=0

Compilation events (20 events):
Event: 10669.697 Thread 0x0000013e31dae000 23911       2       com.android.tools.r8.internal.Gw::a (52 bytes)
Event: 10669.698 Thread 0x0000013e31dae000 nmethod 23911 0x0000013e1dde5c10 code [0x0000013e1dde5e00, 0x0000013e1dde5ff8]
Event: 10669.701 Thread 0x0000013e31dae000 23912       2       com.android.tools.r8.graph.Z::b (153 bytes)
Event: 10669.703 Thread 0x0000013e31dae000 nmethod 23912 0x0000013e1de5ae90 code [0x0000013e1de5b0e0, 0x0000013e1de5b6d8]
Event: 10669.704 Thread 0x0000013e31dae000 23913       2       com.android.tools.r8.graph.J$$Lambda$1745/0x0000000101096c40::apply (8 bytes)
Event: 10669.704 Thread 0x0000013e31dae000 nmethod 23913 0x0000013e1de5aa90 code [0x0000013e1de5ac40, 0x0000013e1de5ad78]
Event: 10669.704 Thread 0x0000013e31dae000 23914       2       com.android.tools.r8.internal.GE$$Lambda$1746/0x0000000100fdf040::apply (8 bytes)
Event: 10669.705 Thread 0x0000013e31dae000 nmethod 23914 0x0000013e1dedeb90 code [0x0000013e1deded60, 0x0000013e1dedf0e8]
Event: 10669.705 Thread 0x0000013e31dae000 23915       1       com.android.tools.r8.internal.D7::a2 (3 bytes)
Event: 10669.705 Thread 0x0000013e31dae000 nmethod 23915 0x0000013e240d7a10 code [0x0000013e240d7bc0, 0x0000013e240d7c78]
Event: 10669.706 Thread 0x0000013e31dae000 23917       1       com.android.tools.r8.internal.D7::Y1 (4 bytes)
Event: 10669.706 Thread 0x0000013e31dae000 nmethod 23917 0x0000013e240d7710 code [0x0000013e240d78c0, 0x0000013e240d7978]
Event: 10669.710 Thread 0x0000013e31dae000 23918       2       com.android.tools.r8.dex.p::b (26 bytes)
Event: 10669.710 Thread 0x0000013e31dae000 nmethod 23918 0x0000013e1de5a610 code [0x0000013e1de5a7e0, 0x0000013e1de5a958]
Event: 10669.710 Thread 0x0000013e31dae000 23919       2       com.android.tools.r8.dex.o::a (10 bytes)
Event: 10669.711 Thread 0x0000013e31dae000 nmethod 23919 0x0000013e1de60210 code [0x0000013e1de603e0, 0x0000013e1de60558]
Event: 10669.715 Thread 0x0000013e31dae000 23920       3       com.android.tools.r8.internal.Rz::a (109 bytes)
Event: 10669.715 Thread 0x0000013e31dae000 nmethod 23920 0x0000013e1e0dde10 code [0x0000013e1e0de000, 0x0000013e1e0de4e8]
Event: 10669.754 Thread 0x0000013e31dae000 23922       2       com.android.tools.r8.internal.Gw::a (73 bytes)
Event: 10669.755 Thread 0x0000013e31dae000 nmethod 23922 0x0000013e1dede510 code [0x0000013e1dede700, 0x0000013e1dede9a8]

GC Heap History (20 events):
Event: 10657.386 GC heap after
{Heap after GC invocations=107 (full 0):
 garbage-first heap   total 342016K, used 166014K [0x0000000080000000, 0x0000000100000000)
  region size 1024K, 1 young (1024K), 1 survivors (1024K)
 Metaspace       used 134326K, capacity 137669K, committed 137856K, reserved 1169408K
  class space    used 16510K, capacity 17755K, committed 17792K, reserved 1048576K
}
Event: 10658.481 GC heap before
{Heap before GC invocations=107 (full 0):
 garbage-first heap   total 342016K, used 284798K [0x0000000080000000, 0x0000000100000000)
  region size 1024K, 117 young (119808K), 1 survivors (1024K)
 Metaspace       used 134386K, capacity 137703K, committed 137856K, reserved 1169408K
  class space    used 16523K, capacity 17787K, committed 17792K, reserved 1048576K
}
Event: 10658.506 GC heap after
{Heap after GC invocations=108 (full 0):
 garbage-first heap   total 342016K, used 172014K [0x0000000080000000, 0x0000000100000000)
  region size 1024K, 7 young (7168K), 7 survivors (7168K)
 Metaspace       used 134386K, capacity 137703K, committed 137856K, reserved 1169408K
  class space    used 16523K, capacity 17787K, committed 17792K, reserved 1048576K
}
Event: 10660.405 GC heap before
{Heap before GC invocations=109 (full 0):
 garbage-first heap   total 342016K, used 286702K [0x0000000080000000, 0x0000000100000000)
  region size 1024K, 119 young (121856K), 7 survivors (7168K)
 Metaspace       used 134412K, capacity 137707K, committed 137856K, reserved 1169408K
  class space    used 16524K, capacity 17788K, committed 17792K, reserved 1048576K
}
Event: 10660.462 GC heap after
{Heap after GC invocations=110 (full 0):
 garbage-first heap   total 342016K, used 182405K [0x0000000080000000, 0x0000000100000000)
  region size 1024K, 15 young (15360K), 15 survivors (15360K)
 Metaspace       used 134412K, capacity 137707K, committed 137856K, reserved 1169408K
  class space    used 16524K, capacity 17788K, committed 17792K, reserved 1048576K
}
Event: 10660.484 GC heap before
{Heap before GC invocations=110 (full 0):
 garbage-first heap   total 342016K, used 183429K [0x0000000080000000, 0x0000000100000000)
  region size 1024K, 16 young (16384K), 15 survivors (15360K)
 Metaspace       used 134412K, capacity 137707K, committed 137856K, reserved 1169408K
  class space    used 16524K, capacity 17788K, committed 17792K, reserved 1048576K
}
Event: 10660.594 GC heap after
{Heap after GC invocations=111 (full 0):
 garbage-first heap   total 342016K, used 173005K [0x0000000080000000, 0x0000000100000000)
  region size 1024K, 2 young (2048K), 2 survivors (2048K)
 Metaspace       used 134412K, capacity 137707K, committed 137856K, reserved 1169408K
  class space    used 16524K, capacity 17788K, committed 17792K, reserved 1048576K
}
Event: 10662.011 GC heap before
{Heap before GC invocations=111 (full 0):
 garbage-first heap   total 342016K, used 282573K [0x0000000080000000, 0x0000000100000000)
  region size 1024K, 109 young (111616K), 2 survivors (2048K)
 Metaspace       used 134443K, capacity 137787K, committed 137984K, reserved 1169408K
  class space    used 16527K, capacity 17793K, committed 17920K, reserved 1048576K
}
Event: 10662.053 GC heap after
{Heap after GC invocations=112 (full 0):
 garbage-first heap   total 342016K, used 180141K [0x0000000080000000, 0x0000000100000000)
  region size 1024K, 9 young (9216K), 9 survivors (9216K)
 Metaspace       used 134443K, capacity 137787K, committed 137984K, reserved 1169408K
  class space    used 16527K, capacity 17793K, committed 17920K, reserved 1048576K
}
Event: 10664.046 GC heap before
{Heap before GC invocations=113 (full 0):
 garbage-first heap   total 342016K, used 283565K [0x0000000080000000, 0x0000000100000000)
  region size 1024K, 110 young (112640K), 9 survivors (9216K)
 Metaspace       used 134508K, capacity 137800K, committed 137984K, reserved 1169408K
  class space    used 16541K, capacity 17797K, committed 17920K, reserved 1048576K
}
Event: 10664.101 GC heap after
{Heap after GC invocations=114 (full 0):
 garbage-first heap   total 342016K, used 186756K [0x0000000080000000, 0x0000000100000000)
  region size 1024K, 7 young (7168K), 7 survivors (7168K)
 Metaspace       used 134508K, capacity 137800K, committed 137984K, reserved 1169408K
  class space    used 16541K, capacity 17797K, committed 17920K, reserved 1048576K
}
Event: 10664.224 GC heap before
{Heap before GC invocations=114 (full 0):
 garbage-first heap   total 342016K, used 195972K [0x0000000080000000, 0x0000000100000000)
  region size 1024K, 16 young (16384K), 7 survivors (7168K)
 Metaspace       used 134508K, capacity 137800K, committed 137984K, reserved 1169408K
  class space    used 16541K, capacity 17797K, committed 17920K, reserved 1048576K
}
Event: 10664.283 GC heap after
{Heap after GC invocations=115 (full 0):
 garbage-first heap   total 342016K, used 181557K [0x0000000080000000, 0x0000000100000000)
  region size 1024K, 2 young (2048K), 2 survivors (2048K)
 Metaspace       used 134508K, capacity 137800K, committed 137984K, reserved 1169408K
  class space    used 16541K, capacity 17797K, committed 17920K, reserved 1048576K
}
Event: 10665.785 GC heap before
{Heap before GC invocations=115 (full 0):
 garbage-first heap   total 342016K, used 284981K [0x0000000080000000, 0x0000000100000000)
  region size 1024K, 103 young (105472K), 2 survivors (2048K)
 Metaspace       used 134541K, capacity 137866K, committed 138240K, reserved 1169408K
  class space    used 16541K, capacity 17797K, committed 17920K, reserved 1048576K
}
Event: 10665.807 GC heap after
{Heap after GC invocations=116 (full 0):
 garbage-first heap   total 342016K, used 182272K [0x0000000080000000, 0x0000000100000000)
  region size 1024K, 2 young (2048K), 2 survivors (2048K)
 Metaspace       used 134541K, capacity 137866K, committed 138240K, reserved 1169408K
  class space    used 16541K, capacity 17797K, committed 17920K, reserved 1048576K
}
Event: 10668.145 GC heap before
{Heap before GC invocations=117 (full 0):
 garbage-first heap   total 342016K, used 288768K [0x0000000080000000, 0x0000000100000000)
  region size 1024K, 106 young (108544K), 2 survivors (2048K)
 Metaspace       used 134589K, capacity 137931K, committed 138240K, reserved 1169408K
  class space    used 16543K, capacity 17797K, committed 17920K, reserved 1048576K
}
Event: 10668.167 GC heap after
{Heap after GC invocations=118 (full 0):
 garbage-first heap   total 342016K, used 185179K [0x0000000080000000, 0x0000000100000000)
  region size 1024K, 5 young (5120K), 5 survivors (5120K)
 Metaspace       used 134589K, capacity 137931K, committed 138240K, reserved 1169408K
  class space    used 16543K, capacity 17797K, committed 17920K, reserved 1048576K
}
Event: 10668.273 GC heap before
{Heap before GC invocations=118 (full 0):
 garbage-first heap   total 342016K, used 196443K [0x0000000080000000, 0x0000000100000000)
  region size 1024K, 16 young (16384K), 5 survivors (5120K)
 Metaspace       used 134590K, capacity 137931K, committed 138240K, reserved 1169408K
  class space    used 16543K, capacity 17797K, committed 17920K, reserved 1048576K
}
Event: 10668.309 GC heap after
{Heap after GC invocations=119 (full 0):
 garbage-first heap   total 342016K, used 181317K [0x0000000080000000, 0x0000000100000000)
  region size 1024K, 1 young (1024K), 1 survivors (1024K)
 Metaspace       used 134590K, capacity 137931K, committed 138240K, reserved 1169408K
  class space    used 16543K, capacity 17797K, committed 17920K, reserved 1048576K
}
Event: 10669.764 GC heap before
{Heap before GC invocations=119 (full 0):
 garbage-first heap   total 342016K, used 288837K [0x0000000080000000, 0x0000000100000000)
  region size 1024K, 106 young (108544K), 1 survivors (1024K)
 Metaspace       used 135180K, capacity 138604K, committed 138752K, reserved 1169408K
  class space    used 16618K, capacity 17906K, committed 17920K, reserved 1048576K
}

Deoptimization events (20 events):
Event: 10669.461 Thread 0x0000013e376d1800 DEOPT PACKING pc=0x0000013e1f148148 sp=0x0000003b314fae20
Event: 10669.461 Thread 0x0000013e376d1800 DEOPT UNPACKING pc=0x0000013e1bcc76ce sp=0x0000003b314fa360 mode 0
Event: 10669.546 Thread 0x0000013e376d2000 DEOPT PACKING pc=0x0000013e1ec3df4b sp=0x0000003b315f9300
Event: 10669.546 Thread 0x0000013e376d2000 DEOPT UNPACKING pc=0x0000013e1bcc76ce sp=0x0000003b315f8ab0 mode 0
Event: 10669.581 Thread 0x0000013e376d1800 Uncommon trap: trap_request=0xffffffd6 fr.pc=0x0000013e2470fce4 relative=0x0000000000001b64
Event: 10669.581 Thread 0x0000013e376d1800 Uncommon trap: reason=array_check action=maybe_recompile pc=0x0000013e2470fce4 method=java.util.TimSort.reverseRange([Ljava/lang/Object;II)V @ 20 c2
Event: 10669.581 Thread 0x0000013e376d1800 DEOPT PACKING pc=0x0000013e2470fce4 sp=0x0000003b314fb210
Event: 10669.581 Thread 0x0000013e376d1800 DEOPT UNPACKING pc=0x0000013e1bcc78af sp=0x0000003b314fb0c8 mode 2
Event: 10669.581 Thread 0x0000013e376d1800 Uncommon trap: trap_request=0xffffffd6 fr.pc=0x0000013e2470fce4 relative=0x0000000000001b64
Event: 10669.581 Thread 0x0000013e376d1800 Uncommon trap: reason=array_check action=maybe_recompile pc=0x0000013e2470fce4 method=java.util.TimSort.reverseRange([Ljava/lang/Object;II)V @ 20 c2
Event: 10669.581 Thread 0x0000013e376d1800 DEOPT PACKING pc=0x0000013e2470fce4 sp=0x0000003b314fb210
Event: 10669.581 Thread 0x0000013e376d1800 DEOPT UNPACKING pc=0x0000013e1bcc78af sp=0x0000003b314fb0c8 mode 2
Event: 10669.581 Thread 0x0000013e376d1800 Uncommon trap: trap_request=0xffffffd6 fr.pc=0x0000013e2470fce4 relative=0x0000000000001b64
Event: 10669.581 Thread 0x0000013e376d1800 Uncommon trap: reason=array_check action=maybe_recompile pc=0x0000013e2470fce4 method=java.util.TimSort.reverseRange([Ljava/lang/Object;II)V @ 20 c2
Event: 10669.581 Thread 0x0000013e376d1800 DEOPT PACKING pc=0x0000013e2470fce4 sp=0x0000003b314fb190
Event: 10669.581 Thread 0x0000013e376d1800 DEOPT UNPACKING pc=0x0000013e1bcc78af sp=0x0000003b314fb048 mode 2
Event: 10669.662 Thread 0x0000013e376d1800 DEOPT PACKING pc=0x0000013e1f16443c sp=0x0000003b314fa580
Event: 10669.662 Thread 0x0000013e376d1800 DEOPT UNPACKING pc=0x0000013e1bcc76ce sp=0x0000003b314f9a70 mode 0
Event: 10669.664 Thread 0x0000013e376d1800 DEOPT PACKING pc=0x0000013e1f1619bb sp=0x0000003b314fa5f0
Event: 10669.664 Thread 0x0000013e376d1800 DEOPT UNPACKING pc=0x0000013e1bcc76ce sp=0x0000003b314f9ad8 mode 0

Classes redefined (0 events):
No events

Internal exceptions (20 events):
Event: 10644.562 Thread 0x0000013e376d2000 Exception <a 'java/lang/NoSuchMethodError'{0x0000000093183d70}: 'void java.lang.invoke.DirectMethodHandle$Holder.invokeSpecial(java.lang.Object, java.lang.Object, java.lang.Object, java.lang.Object, java.lang.Object, java.lang.Object, java.lang.Object, java.lang.Object, java.lang.Object)'> (0x0000000093183d70) thrown at [./src/hotspot/share/interpreter/linkResolver.cpp, line 773]
Event: 10644.642 Thread 0x0000013e376d2000 Exception <a 'java/lang/NoSuchMethodError'{0x000000009319ec50}: 'void java.lang.invoke.DirectMethodHandle$Holder.invokeStatic(java.lang.Object, java.lang.Object, java.lang.Object, java.lang.Object, java.lang.Object, java.lang.Object, java.lang.Object, java.lang.Object)'> (0x000000009319ec50) thrown at [./src/hotspot/share/interpreter/linkResolver.cpp, line 773]
Event: 10644.988 Thread 0x0000013e376d2000 Exception <a 'java/lang/IncompatibleClassChangeError'{0x0000000092ad83c0}: Found class java.lang.Object, but interface was expected> (0x0000000092ad83c0) thrown at [./src/hotspot/share/interpreter/linkResolver.cpp, line 839]
Event: 10645.441 Thread 0x0000013e376d2000 Exception <a 'java/lang/NoSuchMethodError'{0x00000000923c8d50}: 'void java.lang.invoke.DirectMethodHandle$Holder.invokeVirtual(java.lang.Object, java.lang.Object, int)'> (0x00000000923c8d50) thrown at [./src/hotspot/share/interpreter/linkResolver.cpp, line 773]
Event: 10645.531 Thread 0x0000013e376d2000 Exception <a 'sun/nio/fs/WindowsException'{0x00000000921cf2a8}> (0x00000000921cf2a8) thrown at [./src/hotspot/share/prims/jni.cpp, line 615]
Event: 10646.867 Thread 0x0000013e376d3800 Exception <a 'java/lang/NoSuchMethodError'{0x0000000090950a30}: 'java.lang.Object java.lang.invoke.DirectMethodHandle$Holder.invokeInterface(java.lang.Object, java.lang.Object, int)'> (0x0000000090950a30) thrown at [./src/hotspot/share/interpreter/linkResolver.cpp, line 773]
Event: 10646.934 Thread 0x0000013e376d2000 Exception <a 'sun/nio/fs/WindowsException'{0x00000000905c1790}> (0x00000000905c1790) thrown at [./src/hotspot/share/prims/jni.cpp, line 615]
Event: 10648.057 Thread 0x0000013e376d3800 Implicit null exception at 0x0000013e24294b97 to 0x0000013e24294fa8
Event: 10648.060 Thread 0x0000013e376d3800 Implicit null exception at 0x0000013e237958bc to 0x0000013e23795bb0
Event: 10650.056 Thread 0x0000013e376d1800 Exception <a 'java/lang/NoSuchMethodError'{0x000000009425dae8}: 'java.lang.Object java.lang.invoke.DirectMethodHandle$Holder.invokeSpecial(java.lang.Object, java.lang.Object, java.lang.Object, java.lang.Object, java.lang.Object, java.lang.Object, java.lang.Object, java.lang.Object, java.lang.Object, java.lang.Object, java.lang.Object)'> (0x000000009425dae8) thrown at [./src/hotspot/share/interpreter/linkResolver.cpp, line 773]
Event: 10650.057 Thread 0x0000013e376d1800 Exception <a 'java/lang/NoSuchMethodError'{0x0000000094269398}: 'java.lang.Object java.lang.invoke.Invokers$Holder.linkToTargetMethod(java.lang.Object, java.lang.Object, java.lang.Object, java.lang.Object, java.lang.Object, java.lang.Object, java.lang.Object, java.lang.Object, java.lang.Object, java.lang.Object)'> (0x0000000094269398) thrown at [./src/hotspot/share/interpreter/linkResolver.cpp, line 773]
Event: 10650.161 Thread 0x0000013e376d1800 Exception <a 'java/lang/IncompatibleClassChangeError'{0x00000000942bdd98}: Found class java.lang.Object, but interface was expected> (0x00000000942bdd98) thrown at [./src/hotspot/share/interpreter/linkResolver.cpp, line 839]
Event: 10652.241 Thread 0x0000013e376d1800 Exception <a 'java/lang/NoSuchMethodError'{0x000000008f69e1a8}: 'int java.lang.invoke.DirectMethodHandle$Holder.invokeInterface(java.lang.Object, java.lang.Object, int)'> (0x000000008f69e1a8) thrown at [./src/hotspot/share/interpreter/linkResolver.cpp, line 773]
Event: 10652.881 Thread 0x0000013e376d3800 Implicit null exception at 0x0000013e23ef45eb to 0x0000013e23ef460c
Event: 10653.564 Thread 0x0000013e376d2000 Implicit null exception at 0x0000013e246abf59 to 0x0000013e246adbd2
Event: 10657.187 Thread 0x0000013e376d2000 Exception <a 'sun/nio/fs/WindowsException'{0x0000000090962c98}> (0x0000000090962c98) thrown at [./src/hotspot/share/prims/jni.cpp, line 615]
Event: 10658.821 Thread 0x0000013e376d2000 Exception <a 'sun/nio/fs/WindowsException'{0x000000009398a428}> (0x000000009398a428) thrown at [./src/hotspot/share/prims/jni.cpp, line 615]
Event: 10667.393 Thread 0x0000013e376d3800 Implicit null exception at 0x0000013e23fb7c34 to 0x0000013e23fb81e4
Event: 10668.775 Thread 0x0000013e376d1800 Implicit null exception at 0x0000013e245d616f to 0x0000013e245d62ac
Event: 10669.140 Thread 0x0000013e376d1800 Exception <a 'java/lang/NoSuchMethodError'{0x0000000090f31660}: 'int java.lang.invoke.DirectMethodHandle$Holder.invokeSpecial(java.lang.Object, java.lang.Object, java.lang.Object, java.lang.Object, java.lang.Object, java.lang.Object)'> (0x0000000090f31660) thrown at [./src/hotspot/share/interpreter/linkResolver.cpp, line 773]

Events (20 events):
Event: 10669.263 loading class com/android/tools/r8/graph/v0$g done
Event: 10669.264 loading class com/android/tools/r8/graph/v0$g
Event: 10669.264 loading class com/android/tools/r8/graph/v0$g done
Event: 10669.264 loading class com/android/tools/r8/graph/v0$j
Event: 10669.264 loading class com/android/tools/r8/graph/v0$j done
Event: 10669.290 loading class com/android/tools/r8/graph/v0$d
Event: 10669.290 loading class com/android/tools/r8/graph/v0$d done
Event: 10669.290 loading class com/android/tools/r8/graph/v0$f
Event: 10669.290 loading class com/android/tools/r8/graph/v0$f done
Event: 10669.290 loading class com/android/tools/r8/graph/v0$j
Event: 10669.290 loading class com/android/tools/r8/graph/v0$j done
Event: 10669.291 Executing VM operation: Deoptimize
Event: 10669.295 Executing VM operation: Deoptimize done
Event: 10669.295 loading class com/android/tools/r8/graph/d0
Event: 10669.295 loading class com/android/tools/r8/graph/d0 done
Event: 10669.296 loading class com/android/tools/r8/graph/d0
Event: 10669.296 loading class com/android/tools/r8/graph/d0 done
Event: 10669.296 loading class com/android/tools/r8/graph/S0
Event: 10669.296 loading class com/android/tools/r8/graph/S0 done
Event: 10669.762 Executing VM operation: G1CollectForAllocation


Dynamic libraries:
0x00007ff6184d0000 - 0x00007ff6184da000 	C:\Program Files\Android\Android Studio\jre\bin\java.exe
0x00007ff9ee610000 - 0x00007ff9ee805000 	C:\WINDOWS\SYSTEM32\ntdll.dll
0x00007ff9ee510000 - 0x00007ff9ee5ce000 	C:\WINDOWS\System32\KERNEL32.DLL
0x00007ff9ebd90000 - 0x00007ff9ec058000 	C:\WINDOWS\System32\KERNELBASE.dll
0x00007ff9ec1a0000 - 0x00007ff9ec2a0000 	C:\WINDOWS\System32\ucrtbase.dll
0x00007ff9ce420000 - 0x00007ff9ce437000 	C:\Program Files\Android\Android Studio\jre\bin\VCRUNTIME140.dll
0x00007ff9cb590000 - 0x00007ff9cb5a9000 	C:\Program Files\Android\Android Studio\jre\bin\jli.dll
0x00007ff9ed860000 - 0x00007ff9eda01000 	C:\WINDOWS\System32\USER32.dll
0x00007ff9d54f0000 - 0x00007ff9d578a000 	C:\WINDOWS\WinSxS\amd64_microsoft.windows.common-controls_6595b64144ccf1df_6.0.19041.1110_none_60b5254171f9507e\COMCTL32.dll
0x00007ff9ec3d0000 - 0x00007ff9ec3f2000 	C:\WINDOWS\System32\win32u.dll
0x00007ff9eda10000 - 0x00007ff9edaae000 	C:\WINDOWS\System32\msvcrt.dll
0x00007ff9ed590000 - 0x00007ff9ed5bb000 	C:\WINDOWS\System32\GDI32.dll
0x00007ff9ec060000 - 0x00007ff9ec16b000 	C:\WINDOWS\System32\gdi32full.dll
0x00007ff9ec330000 - 0x00007ff9ec3cd000 	C:\WINDOWS\System32\msvcp_win.dll
0x00007ff9ecfe0000 - 0x00007ff9ed010000 	C:\WINDOWS\System32\IMM32.DLL
0x00007ff9becf0000 - 0x00007ff9bed8d000 	C:\Program Files\Android\Android Studio\jre\bin\msvcp140.dll
0x00007ff9a09f0000 - 0x00007ff9a14bf000 	C:\Program Files\Android\Android Studio\jre\bin\server\jvm.dll
0x00007ff9ee460000 - 0x00007ff9ee50c000 	C:\WINDOWS\System32\ADVAPI32.dll
0x00007ff9ed6b0000 - 0x00007ff9ed74b000 	C:\WINDOWS\System32\sechost.dll
0x00007ff9edca0000 - 0x00007ff9eddca000 	C:\WINDOWS\System32\RPCRT4.dll
0x00007ff9ed490000 - 0x00007ff9ed498000 	C:\WINDOWS\System32\PSAPI.DLL
0x00007ff9e7bc0000 - 0x00007ff9e7bc9000 	C:\WINDOWS\SYSTEM32\WSOCK32.dll
0x00007ff9ee030000 - 0x00007ff9ee09b000 	C:\WINDOWS\System32\WS2_32.dll
0x00007ff9db680000 - 0x00007ff9db6a7000 	C:\WINDOWS\SYSTEM32\WINMM.dll
0x00007ff9df4a0000 - 0x00007ff9df4aa000 	C:\WINDOWS\SYSTEM32\VERSION.dll
0x00007ff9e9c30000 - 0x00007ff9e9c42000 	C:\WINDOWS\SYSTEM32\kernel.appcore.dll
0x00007ff9e4190000 - 0x00007ff9e41a1000 	C:\Program Files\Android\Android Studio\jre\bin\verify.dll
0x00007ff9da220000 - 0x00007ff9da404000 	C:\WINDOWS\SYSTEM32\DBGHELP.DLL
0x00007ff9da180000 - 0x00007ff9da1ac000 	C:\WINDOWS\SYSTEM32\dbgcore.DLL
0x00007ff9ec2a0000 - 0x00007ff9ec323000 	C:\WINDOWS\System32\bcryptPrimitives.dll
0x00007ff9e4110000 - 0x00007ff9e4139000 	C:\Program Files\Android\Android Studio\jre\bin\java.dll
0x00007ff9e5d00000 - 0x00007ff9e5d0b000 	C:\Program Files\Android\Android Studio\jre\bin\jimage.dll
0x00007ff9e3ff0000 - 0x00007ff9e4008000 	C:\Program Files\Android\Android Studio\jre\bin\zip.dll
0x00007ff9ec6f0000 - 0x00007ff9ece2f000 	C:\WINDOWS\System32\SHELL32.dll
0x00007ff9e9e30000 - 0x00007ff9ea5c0000 	C:\WINDOWS\SYSTEM32\windows.storage.dll
0x00007ff9ee0a0000 - 0x00007ff9ee3f5000 	C:\WINDOWS\System32\combase.dll
0x00007ff9eb780000 - 0x00007ff9eb7ae000 	C:\WINDOWS\SYSTEM32\Wldp.dll
0x00007ff9edac0000 - 0x00007ff9edb6d000 	C:\WINDOWS\System32\SHCORE.dll
0x00007ff9ed640000 - 0x00007ff9ed695000 	C:\WINDOWS\System32\shlwapi.dll
0x00007ff9ebc70000 - 0x00007ff9ebc8f000 	C:\WINDOWS\SYSTEM32\profapi.dll
0x00007ff9e3fd0000 - 0x00007ff9e3fea000 	C:\Program Files\Android\Android Studio\jre\bin\net.dll
0x00007ff9e0510000 - 0x00007ff9e061c000 	C:\WINDOWS\SYSTEM32\WINHTTP.dll
0x00007ff9eb4e0000 - 0x00007ff9eb54a000 	C:\WINDOWS\system32\mswsock.dll
0x00007ff9e3bc0000 - 0x00007ff9e3bd4000 	C:\Program Files\Android\Android Studio\jre\bin\nio.dll
0x00007ff9cf4e0000 - 0x00007ff9cf507000 	E:\DigitalLessonPlanner\.gradle\native\8bec1ad78214c89d9ad589b4d07fe93259594b29d510b10fafb7a158f7737e5d\windows-amd64\native-platform.dll
0x00007ff9be750000 - 0x00007ff9be88d000 	E:\DigitalLessonPlanner\.gradle\native\53dbd7edfb1c66fb8903c78663c9afc45aea4f116125fa6feffd364cf09443e8\windows-amd64\native-platform-file-events.dll
0x00007ff9e5c80000 - 0x00007ff9e5c8a000 	C:\Program Files\Android\Android Studio\jre\bin\management.dll
0x00007ff9e4180000 - 0x00007ff9e418c000 	C:\Program Files\Android\Android Studio\jre\bin\management_ext.dll
0x00007ff9eb6d0000 - 0x00007ff9eb6e8000 	C:\WINDOWS\SYSTEM32\CRYPTSP.dll
0x00007ff9eadf0000 - 0x00007ff9eae24000 	C:\WINDOWS\system32\rsaenh.dll
0x00007ff9ec170000 - 0x00007ff9ec197000 	C:\WINDOWS\System32\bcrypt.dll
0x00007ff9ebbf0000 - 0x00007ff9ebc1e000 	C:\WINDOWS\SYSTEM32\USERENV.dll
0x00007ff9eb6f0000 - 0x00007ff9eb6fc000 	C:\WINDOWS\SYSTEM32\CRYPTBASE.dll
0x00007ff9eb180000 - 0x00007ff9eb1bb000 	C:\WINDOWS\SYSTEM32\IPHLPAPI.DLL
0x00007ff9ed6a0000 - 0x00007ff9ed6a8000 	C:\WINDOWS\System32\NSI.dll
0x00007ff9e04f0000 - 0x00007ff9e0507000 	C:\WINDOWS\SYSTEM32\dhcpcsvc6.DLL
0x00007ff9e0760000 - 0x00007ff9e077d000 	C:\WINDOWS\SYSTEM32\dhcpcsvc.DLL
0x00007ff9eb1d0000 - 0x00007ff9eb29b000 	C:\WINDOWS\SYSTEM32\DNSAPI.dll
0x00007ff9bc790000 - 0x00007ff9bc934000 	C:\Program Files\Android\Android Studio\jre\bin\awt.dll
0x00007ff9ed4c0000 - 0x00007ff9ed58d000 	C:\WINDOWS\System32\OLEAUT32.dll
0x00007ff9e9940000 - 0x00007ff9e996f000 	C:\WINDOWS\SYSTEM32\dwmapi.dll
0x00007ff9e9570000 - 0x00007ff9e9600000 	C:\WINDOWS\SYSTEM32\apphelp.dll
0x00007ff9e9660000 - 0x00007ff9e96fe000 	C:\WINDOWS\system32\uxtheme.dll

dbghelp: loaded successfully - version: 4.0.5 - missing functions: none
symbol engine: initialized successfully - sym options: 0x614 - pdb path: .;C:\Program Files\Android\Android Studio\jre\bin;C:\WINDOWS\SYSTEM32;C:\WINDOWS\WinSxS\amd64_microsoft.windows.common-controls_6595b64144ccf1df_6.0.19041.1110_none_60b5254171f9507e;C:\Program Files\Android\Android Studio\jre\bin\server;E:\DigitalLessonPlanner\.gradle\native\8bec1ad78214c89d9ad589b4d07fe93259594b29d510b10fafb7a158f7737e5d\windows-amd64;E:\DigitalLessonPlanner\.gradle\native\53dbd7edfb1c66fb8903c78663c9afc45aea4f116125fa6feffd364cf09443e8\windows-amd64

VM Arguments:
jvm_args: --add-opens=java.base/java.util=ALL-UNNAMED --add-opens=java.base/java.lang=ALL-UNNAMED --add-opens=java.base/java.lang.invoke=ALL-UNNAMED --add-opens=java.base/java.util=ALL-UNNAMED --add-opens=java.prefs/java.util.prefs=ALL-UNNAMED --add-opens=java.prefs/java.util.prefs=ALL-UNNAMED --add-opens=java.base/java.nio.charset=ALL-UNNAMED --add-opens=java.base/java.net=ALL-UNNAMED --add-opens=java.base/java.util.concurrent.atomic=ALL-UNNAMED -Xmx2048m -Dfile.encoding=UTF-8 -Duser.country=US -Duser.language=en -Duser.variant 
java_command: org.gradle.launcher.daemon.bootstrap.GradleDaemon 7.0.2
java_class_path (initial): E:\DigitalLessonPlanner\.gradle\wrapper\dists\gradle-7.0.2-bin\857tjihv64xamwrf0h14cai3r\gradle-7.0.2\lib\gradle-launcher-7.0.2.jar
Launcher Type: SUN_STANDARD

[Global flags]
     intx CICompilerCount                          = 3                                         {product} {ergonomic}
     uint ConcGCThreads                            = 1                                         {product} {ergonomic}
     uint G1ConcRefinementThreads                  = 4                                         {product} {ergonomic}
   size_t G1HeapRegionSize                         = 1048576                                   {product} {ergonomic}
    uintx GCDrainStackTargetSize                   = 64                                        {product} {ergonomic}
   size_t InitialHeapSize                          = 134217728                                 {product} {ergonomic}
   size_t MarkStackSize                            = 4194304                                   {product} {ergonomic}
   size_t MaxHeapSize                              = 2147483648                                {product} {command line}
   size_t MaxNewSize                               = 1287651328                                {product} {ergonomic}
   size_t MinHeapDeltaBytes                        = 1048576                                   {product} {ergonomic}
    uintx NonNMethodCodeHeapSize                   = 5830732                                {pd product} {ergonomic}
    uintx NonProfiledCodeHeapSize                  = 122913754                              {pd product} {ergonomic}
    uintx ProfiledCodeHeapSize                     = 122913754                              {pd product} {ergonomic}
    uintx ReservedCodeCacheSize                    = 251658240                              {pd product} {ergonomic}
     bool SegmentedCodeCache                       = true                                      {product} {ergonomic}
     bool UseCompressedClassPointers               = true                                 {lp64_product} {ergonomic}
     bool UseCompressedOops                        = true                                 {lp64_product} {ergonomic}
     bool UseG1GC                                  = true                                      {product} {ergonomic}
     bool UseLargePagesIndividualAllocation        = false                                  {pd product} {ergonomic}

Logging:
Log output configuration:
 #0: stdout all=warning uptime,level,tags
 #1: stderr all=off uptime,level,tags

Environment Variables:
PATH=C:\Program Files (x86)\Common Files\Oracle\Java\javapath;C:\Program Files\Common Files\Oracle\Java\javapath;C:\WINDOWS\system32;C:\WINDOWS;C:\WINDOWS\System32\Wbem;C:\WINDOWS\System32\WindowsPowerShell\v1.0\;C:\WINDOWS\System32\OpenSSH\;C:\xampp\php;C:\ProgramData\ComposerSetup\bin;C:\xampp1\php;C:\xampp\php\PEAR';C:\MinGW\bin;C:\Program Files\nodejs\;C:\Program Files\PuTTY\;C:\Program Files\Git\cmd;C:\Users\User\AppData\Local\Microsoft\WindowsApps;C:\Users\User\AppData\Roaming\Composer\vendor\bin;C:\xampp1\htdocs\PROJECT101;C:\Users\User\bin;C:\Users\User\go_appengine;C:\Users\User\AppData\Local\GitHubDesktop\bin;C:\Users\User\AppData\Roaming\npm;E:\flutter\bin;
USERNAME=User
OS=Windows_NT
PROCESSOR_IDENTIFIER=Intel64 Family 6 Model 69 Stepping 1, GenuineIntel



---------------  S Y S T E M  ---------------

OS: Windows 10 , 64 bit Build 19041 (10.0.19041.1348)
OS uptime: 3 days 16:42 hours

CPU:total 4 (initial active 4) (2 cores per cpu, 2 threads per core) family 6 model 69 stepping 1 microcode 0x25, cmov, cx8, fxsr, mmx, sse, sse2, sse3, ssse3, sse4.1, sse4.2, popcnt, avx, avx2, aes, clmul, erms, lzcnt, ht, tsc, tscinvbit, bmi1, bmi2, fma

Memory: 4k page, system-wide physical 8113M (1314M free)
TotalPageFile size 10632M (AvailPageFile size 1M)
current process WorkingSet (physical memory assigned to process): 715M, peak: 718M
current process commit charge ("private bytes"): 903M, peak: 903M

vm_info: OpenJDK 64-Bit Server VM (11.0.10+0-b96-7249189) for windows-amd64 JRE (11.0.10+0-b96-7249189), built on Mar 31 2021 21:44:00 by "builder" with MS VC++ 14.0 (VS2015)

END.
