#
# There is insufficient memory for the Java Runtime Environment to continue.
# Native memory allocation (malloc) failed to allocate 339536 bytes for Chunk::new
# Possible reasons:
#   The system is out of physical RAM or swap space
#   The process is running with CompressedOops enabled, and the Java Heap may be blocking the growth of the native heap
# Possible solutions:
#   Reduce memory load on the system
#   Increase physical memory or swap space
#   Check if swap backing store is full
#   Decrease Java heap size (-Xmx/-Xms)
#   Decrease number of Java threads
#   Decrease Java thread stack sizes (-Xss)
#   Set larger code cache with -XX:ReservedCodeCacheSize=
#   JVM is running with Unscaled Compressed Oops mode in which the Java heap is
#     placed in the first 4GB address space. The Java Heap base address is the
#     maximum limit for the native heap growth. Please use -XX:HeapBaseMinAddress
#     to set the Java Heap base and to place the Java Heap above 4GB virtual address.
# This output file may be truncated or incomplete.
#
#  Out of Memory Error (./src/hotspot/share/memory/arena.cpp:197), pid=1628, tid=13612
#
# JRE version: OpenJDK Runtime Environment (11.0.10) (build 11.0.10+0-b96-7249189)
# Java VM: OpenJDK 64-Bit Server VM (11.0.10+0-b96-7249189, mixed mode, tiered, compressed oops, g1 gc, windows-amd64)
# No core dump will be written. Minidumps are not enabled by default on client versions of Windows
#

---------------  S U M M A R Y ------------

Command Line: org.jetbrains.kotlin.cli.jvm.K2JVMCompiler @E:\Dlp-main\Date-for-Sure\app\build\20211231_11992518826600224952.compiler.options

Host: Intel(R) Core(TM) i3-4010U CPU @ 1.70GHz, 4 cores, 7G,  Windows 10 , 64 bit Build 19041 (10.0.19041.1348)
Time: Fri Dec 31 19:16:05 2021 E. Africa Standard Time elapsed time: 2.202772 seconds (0d 0h 0m 2s)

---------------  T H R E A D  ---------------

Current thread (0x000001f159e06800):  JavaThread "C2 CompilerThread1" daemon [_thread_in_native, id=13612, stack(0x00000099e5700000,0x00000099e5800000)]


Current CompileTask:
C2:   2202 1549 % !   4       java.util.concurrent.ConcurrentHashMap::transfer @ 96 (828 bytes)

Stack: [0x00000099e5700000,0x00000099e5800000]
Native frames: (J=compiled Java code, j=interpreted, Vv=VM code, C=native code)
V  [jvm.dll+0x5ecfaa]
V  [jvm.dll+0x722bd5]
V  [jvm.dll+0x72412d]
V  [jvm.dll+0x7247e3]
V  [jvm.dll+0x242928]
V  [jvm.dll+0xbc4fc]
V  [jvm.dll+0xbca0c]
V  [jvm.dll+0x352d3b]
V  [jvm.dll+0x320ad3]
V  [jvm.dll+0x31ffca]
V  [jvm.dll+0x1fb602]
V  [jvm.dll+0x1fa7f4]
V  [jvm.dll+0x18354c]
V  [jvm.dll+0x208ee7]
V  [jvm.dll+0x207731]
V  [jvm.dll+0x6eb1cf]
V  [jvm.dll+0x6e3d45]
V  [jvm.dll+0x5ebe96]
C  [ucrtbase.dll+0x21bb2]
C  [KERNEL32.DLL+0x17034]
C  [ntdll.dll+0x52651]


---------------  P R O C E S S  ---------------

Threads class SMR info:
_java_thread_list=0x000001f159dffc10, length=11, elements={
0x000001f13f79c000, 0x000001f15930d000, 0x000001f15930e800, 0x000001f159323000,
0x000001f159324800, 0x000001f159327800, 0x000001f15932a800, 0x000001f159333000,
0x000001f15933d000, 0x000001f159e0b800, 0x000001f159e06800
}

Java Threads: ( => current thread )
  0x000001f13f79c000 JavaThread "main" [_thread_in_vm, id=12452, stack(0x00000099e4600000,0x00000099e4700000)]
  0x000001f15930d000 JavaThread "Reference Handler" daemon [_thread_blocked, id=13032, stack(0x00000099e4d00000,0x00000099e4e00000)]
  0x000001f15930e800 JavaThread "Finalizer" daemon [_thread_blocked, id=6544, stack(0x00000099e4e00000,0x00000099e4f00000)]
  0x000001f159323000 JavaThread "Signal Dispatcher" daemon [_thread_blocked, id=9588, stack(0x00000099e4f00000,0x00000099e5000000)]
  0x000001f159324800 JavaThread "Attach Listener" daemon [_thread_blocked, id=7524, stack(0x00000099e5000000,0x00000099e5100000)]
  0x000001f159327800 JavaThread "Service Thread" daemon [_thread_blocked, id=3376, stack(0x00000099e5100000,0x00000099e5200000)]
  0x000001f15932a800 JavaThread "C2 CompilerThread0" daemon [_thread_blocked, id=5116, stack(0x00000099e5200000,0x00000099e5300000)]
  0x000001f159333000 JavaThread "C1 CompilerThread0" daemon [_thread_blocked, id=7576, stack(0x00000099e5300000,0x00000099e5400000)]
  0x000001f15933d000 JavaThread "Sweeper thread" daemon [_thread_blocked, id=11156, stack(0x00000099e5400000,0x00000099e5500000)]
  0x000001f159e0b800 JavaThread "Common-Cleaner" daemon [_thread_blocked, id=11000, stack(0x00000099e5600000,0x00000099e5700000)]
=>0x000001f159e06800 JavaThread "C2 CompilerThread1" daemon [_thread_in_native, id=13612, stack(0x00000099e5700000,0x00000099e5800000)]

Other Threads:
  0x000001f1592e4800 VMThread "VM Thread" [stack: 0x00000099e4c00000,0x00000099e4d00000] [id=12176]
  0x000001f159e03000 WatcherThread [stack: 0x00000099e5500000,0x00000099e5600000] [id=5376]
  0x000001f13f7b5800 GCTaskThread "GC Thread#0" [stack: 0x00000099e4700000,0x00000099e4800000] [id=8480]
  0x000001f15a18e800 GCTaskThread "GC Thread#1" [stack: 0x00000099e5800000,0x00000099e5900000] [id=13772]
  0x000001f15a16d000 GCTaskThread "GC Thread#2" [stack: 0x00000099e5900000,0x00000099e5a00000] [id=7888]
  0x000001f13f7e5000 ConcurrentGCThread "G1 Main Marker" [stack: 0x00000099e4800000,0x00000099e4900000] [id=13780]
  0x000001f13f7e6800 ConcurrentGCThread "G1 Conc#0" [stack: 0x00000099e4900000,0x00000099e4a00000] [id=12748]
  0x000001f13f87a000 ConcurrentGCThread "G1 Refine#0" [stack: 0x00000099e4a00000,0x00000099e4b00000] [id=13412]
  0x000001f13f87b000 ConcurrentGCThread "G1 Young RemSet Sampling" [stack: 0x00000099e4b00000,0x00000099e4c00000] [id=11680]

Threads with active compile tasks:
C2 CompilerThread1   2234 1549 % !   4       java.util.concurrent.ConcurrentHashMap::transfer @ 96 (828 bytes)

VM state:not at safepoint (normal execution)

VM Mutex/Monitor currently owned by a thread: None

Heap address: 0x0000000081200000, size: 2030 MB, Compressed Oops mode: 32-bit
Narrow klass base: 0x0000000000000000, Narrow klass shift: 3
Compressed class space size: 1073741824 Address: 0x0000000100000000

Heap:
 garbage-first heap   total 131072K, used 38990K [0x0000000081200000, 0x0000000100000000)
  region size 1024K, 36 young (36864K), 2 survivors (2048K)
 Metaspace       used 17584K, capacity 17819K, committed 18048K, reserved 1064960K
  class space    used 1772K, capacity 1837K, committed 1920K, reserved 1048576K
Heap Regions: E=young(eden), S=young(survivor), O=old, HS=humongous(starts), HC=humongous(continues), CS=collection set, F=free, A=archive, TAMS=top-at-mark-start (previous, next)
|   0|0x0000000081200000, 0x0000000081300000, 0x0000000081300000|100%|HS|  |TAMS 0x0000000081200000, 0x0000000081200000| Complete 
|   1|0x0000000081300000, 0x0000000081400000, 0x0000000081400000|100%|HC|  |TAMS 0x0000000081300000, 0x0000000081300000| Complete 
|   2|0x0000000081400000, 0x0000000081500000, 0x0000000081500000|100%|HC|  |TAMS 0x0000000081400000, 0x0000000081400000| Complete 
|   3|0x0000000081500000, 0x0000000081500000, 0x0000000081600000|  0%| F|  |TAMS 0x0000000081500000, 0x0000000081500000| Untracked 
|   4|0x0000000081600000, 0x0000000081613a00, 0x0000000081700000|  7%| O|  |TAMS 0x0000000081600000, 0x0000000081600000| Untracked 
|   5|0x0000000081700000, 0x0000000081700000, 0x0000000081800000|  0%| F|  |TAMS 0x0000000081700000, 0x0000000081700000| Untracked 
|   6|0x0000000081800000, 0x0000000081800000, 0x0000000081900000|  0%| F|  |TAMS 0x0000000081800000, 0x0000000081800000| Untracked 
|   7|0x0000000081900000, 0x0000000081900000, 0x0000000081a00000|  0%| F|  |TAMS 0x0000000081900000, 0x0000000081900000| Untracked 
|   8|0x0000000081a00000, 0x0000000081a00000, 0x0000000081b00000|  0%| F|  |TAMS 0x0000000081a00000, 0x0000000081a00000| Untracked 
|   9|0x0000000081b00000, 0x0000000081b00000, 0x0000000081c00000|  0%| F|  |TAMS 0x0000000081b00000, 0x0000000081b00000| Untracked 
|  10|0x0000000081c00000, 0x0000000081c00000, 0x0000000081d00000|  0%| F|  |TAMS 0x0000000081c00000, 0x0000000081c00000| Untracked 
|  11|0x0000000081d00000, 0x0000000081d00000, 0x0000000081e00000|  0%| F|  |TAMS 0x0000000081d00000, 0x0000000081d00000| Untracked 
|  12|0x0000000081e00000, 0x0000000081e00000, 0x0000000081f00000|  0%| F|  |TAMS 0x0000000081e00000, 0x0000000081e00000| Untracked 
|  13|0x0000000081f00000, 0x0000000081f00000, 0x0000000082000000|  0%| F|  |TAMS 0x0000000081f00000, 0x0000000081f00000| Untracked 
|  14|0x0000000082000000, 0x0000000082000000, 0x0000000082100000|  0%| F|  |TAMS 0x0000000082000000, 0x0000000082000000| Untracked 
|  15|0x0000000082100000, 0x0000000082100000, 0x0000000082200000|  0%| F|  |TAMS 0x0000000082100000, 0x0000000082100000| Untracked 
|  16|0x0000000082200000, 0x0000000082200000, 0x0000000082300000|  0%| F|  |TAMS 0x0000000082200000, 0x0000000082200000| Untracked 
|  17|0x0000000082300000, 0x0000000082300000, 0x0000000082400000|  0%| F|  |TAMS 0x0000000082300000, 0x0000000082300000| Untracked 
|  18|0x0000000082400000, 0x0000000082400000, 0x0000000082500000|  0%| F|  |TAMS 0x0000000082400000, 0x0000000082400000| Untracked 
|  19|0x0000000082500000, 0x0000000082500000, 0x0000000082600000|  0%| F|  |TAMS 0x0000000082500000, 0x0000000082500000| Untracked 
|  20|0x0000000082600000, 0x0000000082600000, 0x0000000082700000|  0%| F|  |TAMS 0x0000000082600000, 0x0000000082600000| Untracked 
|  21|0x0000000082700000, 0x0000000082700000, 0x0000000082800000|  0%| F|  |TAMS 0x0000000082700000, 0x0000000082700000| Untracked 
|  22|0x0000000082800000, 0x0000000082800000, 0x0000000082900000|  0%| F|  |TAMS 0x0000000082800000, 0x0000000082800000| Untracked 
|  23|0x0000000082900000, 0x0000000082900000, 0x0000000082a00000|  0%| F|  |TAMS 0x0000000082900000, 0x0000000082900000| Untracked 
|  24|0x0000000082a00000, 0x0000000082a00000, 0x0000000082b00000|  0%| F|  |TAMS 0x0000000082a00000, 0x0000000082a00000| Untracked 
|  25|0x0000000082b00000, 0x0000000082b00000, 0x0000000082c00000|  0%| F|  |TAMS 0x0000000082b00000, 0x0000000082b00000| Untracked 
|  26|0x0000000082c00000, 0x0000000082c00000, 0x0000000082d00000|  0%| F|  |TAMS 0x0000000082c00000, 0x0000000082c00000| Untracked 
|  27|0x0000000082d00000, 0x0000000082d00000, 0x0000000082e00000|  0%| F|  |TAMS 0x0000000082d00000, 0x0000000082d00000| Untracked 
|  28|0x0000000082e00000, 0x0000000082e00000, 0x0000000082f00000|  0%| F|  |TAMS 0x0000000082e00000, 0x0000000082e00000| Untracked 
|  29|0x0000000082f00000, 0x0000000082f00000, 0x0000000083000000|  0%| F|  |TAMS 0x0000000082f00000, 0x0000000082f00000| Untracked 
|  30|0x0000000083000000, 0x0000000083000000, 0x0000000083100000|  0%| F|  |TAMS 0x0000000083000000, 0x0000000083000000| Untracked 
|  31|0x0000000083100000, 0x0000000083100000, 0x0000000083200000|  0%| F|  |TAMS 0x0000000083100000, 0x0000000083100000| Untracked 
|  32|0x0000000083200000, 0x0000000083200000, 0x0000000083300000|  0%| F|  |TAMS 0x0000000083200000, 0x0000000083200000| Untracked 
|  33|0x0000000083300000, 0x0000000083300000, 0x0000000083400000|  0%| F|  |TAMS 0x0000000083300000, 0x0000000083300000| Untracked 
|  34|0x0000000083400000, 0x0000000083400000, 0x0000000083500000|  0%| F|  |TAMS 0x0000000083400000, 0x0000000083400000| Untracked 
|  35|0x0000000083500000, 0x0000000083500000, 0x0000000083600000|  0%| F|  |TAMS 0x0000000083500000, 0x0000000083500000| Untracked 
|  36|0x0000000083600000, 0x0000000083600000, 0x0000000083700000|  0%| F|  |TAMS 0x0000000083600000, 0x0000000083600000| Untracked 
|  37|0x0000000083700000, 0x0000000083700000, 0x0000000083800000|  0%| F|  |TAMS 0x0000000083700000, 0x0000000083700000| Untracked 
|  38|0x0000000083800000, 0x0000000083800000, 0x0000000083900000|  0%| F|  |TAMS 0x0000000083800000, 0x0000000083800000| Untracked 
|  39|0x0000000083900000, 0x0000000083900000, 0x0000000083a00000|  0%| F|  |TAMS 0x0000000083900000, 0x0000000083900000| Untracked 
|  40|0x0000000083a00000, 0x0000000083a00000, 0x0000000083b00000|  0%| F|  |TAMS 0x0000000083a00000, 0x0000000083a00000| Untracked 
|  41|0x0000000083b00000, 0x0000000083b00000, 0x0000000083c00000|  0%| F|  |TAMS 0x0000000083b00000, 0x0000000083b00000| Untracked 
|  42|0x0000000083c00000, 0x0000000083c00000, 0x0000000083d00000|  0%| F|  |TAMS 0x0000000083c00000, 0x0000000083c00000| Untracked 
|  43|0x0000000083d00000, 0x0000000083d00000, 0x0000000083e00000|  0%| F|  |TAMS 0x0000000083d00000, 0x0000000083d00000| Untracked 
|  44|0x0000000083e00000, 0x0000000083e00000, 0x0000000083f00000|  0%| F|  |TAMS 0x0000000083e00000, 0x0000000083e00000| Untracked 
|  45|0x0000000083f00000, 0x0000000083f00000, 0x0000000084000000|  0%| F|  |TAMS 0x0000000083f00000, 0x0000000083f00000| Untracked 
|  46|0x0000000084000000, 0x0000000084000000, 0x0000000084100000|  0%| F|  |TAMS 0x0000000084000000, 0x0000000084000000| Untracked 
|  47|0x0000000084100000, 0x0000000084100000, 0x0000000084200000|  0%| F|  |TAMS 0x0000000084100000, 0x0000000084100000| Untracked 
|  48|0x0000000084200000, 0x0000000084200000, 0x0000000084300000|  0%| F|  |TAMS 0x0000000084200000, 0x0000000084200000| Untracked 
|  49|0x0000000084300000, 0x0000000084300000, 0x0000000084400000|  0%| F|  |TAMS 0x0000000084300000, 0x0000000084300000| Untracked 
|  50|0x0000000084400000, 0x0000000084400000, 0x0000000084500000|  0%| F|  |TAMS 0x0000000084400000, 0x0000000084400000| Untracked 
|  51|0x0000000084500000, 0x0000000084500000, 0x0000000084600000|  0%| F|  |TAMS 0x0000000084500000, 0x0000000084500000| Untracked 
|  52|0x0000000084600000, 0x0000000084600000, 0x0000000084700000|  0%| F|  |TAMS 0x0000000084600000, 0x0000000084600000| Untracked 
|  53|0x0000000084700000, 0x0000000084700000, 0x0000000084800000|  0%| F|  |TAMS 0x0000000084700000, 0x0000000084700000| Untracked 
|  54|0x0000000084800000, 0x0000000084800000, 0x0000000084900000|  0%| F|  |TAMS 0x0000000084800000, 0x0000000084800000| Untracked 
|  55|0x0000000084900000, 0x0000000084900000, 0x0000000084a00000|  0%| F|  |TAMS 0x0000000084900000, 0x0000000084900000| Untracked 
|  56|0x0000000084a00000, 0x0000000084a00000, 0x0000000084b00000|  0%| F|  |TAMS 0x0000000084a00000, 0x0000000084a00000| Untracked 
|  57|0x0000000084b00000, 0x0000000084b00000, 0x0000000084c00000|  0%| F|  |TAMS 0x0000000084b00000, 0x0000000084b00000| Untracked 
|  58|0x0000000084c00000, 0x0000000084c00000, 0x0000000084d00000|  0%| F|  |TAMS 0x0000000084c00000, 0x0000000084c00000| Untracked 
|  59|0x0000000084d00000, 0x0000000084d00000, 0x0000000084e00000|  0%| F|  |TAMS 0x0000000084d00000, 0x0000000084d00000| Untracked 
|  60|0x0000000084e00000, 0x0000000084e00000, 0x0000000084f00000|  0%| F|  |TAMS 0x0000000084e00000, 0x0000000084e00000| Untracked 
|  61|0x0000000084f00000, 0x0000000084f00000, 0x0000000085000000|  0%| F|  |TAMS 0x0000000084f00000, 0x0000000084f00000| Untracked 
|  62|0x0000000085000000, 0x0000000085000000, 0x0000000085100000|  0%| F|  |TAMS 0x0000000085000000, 0x0000000085000000| Untracked 
|  63|0x0000000085100000, 0x0000000085100000, 0x0000000085200000|  0%| F|  |TAMS 0x0000000085100000, 0x0000000085100000| Untracked 
|  64|0x0000000085200000, 0x0000000085200000, 0x0000000085300000|  0%| F|  |TAMS 0x0000000085200000, 0x0000000085200000| Untracked 
|  65|0x0000000085300000, 0x0000000085300000, 0x0000000085400000|  0%| F|  |TAMS 0x0000000085300000, 0x0000000085300000| Untracked 
|  66|0x0000000085400000, 0x0000000085400000, 0x0000000085500000|  0%| F|  |TAMS 0x0000000085400000, 0x0000000085400000| Untracked 
|  67|0x0000000085500000, 0x0000000085500000, 0x0000000085600000|  0%| F|  |TAMS 0x0000000085500000, 0x0000000085500000| Untracked 
|  68|0x0000000085600000, 0x0000000085600000, 0x0000000085700000|  0%| F|  |TAMS 0x0000000085600000, 0x0000000085600000| Untracked 
|  69|0x0000000085700000, 0x0000000085700000, 0x0000000085800000|  0%| F|  |TAMS 0x0000000085700000, 0x0000000085700000| Untracked 
|  70|0x0000000085800000, 0x0000000085800000, 0x0000000085900000|  0%| F|  |TAMS 0x0000000085800000, 0x0000000085800000| Untracked 
|  71|0x0000000085900000, 0x0000000085900000, 0x0000000085a00000|  0%| F|  |TAMS 0x0000000085900000, 0x0000000085900000| Untracked 
|  72|0x0000000085a00000, 0x0000000085a00000, 0x0000000085b00000|  0%| F|  |TAMS 0x0000000085a00000, 0x0000000085a00000| Untracked 
|  73|0x0000000085b00000, 0x0000000085b00000, 0x0000000085c00000|  0%| F|  |TAMS 0x0000000085b00000, 0x0000000085b00000| Untracked 
|  74|0x0000000085c00000, 0x0000000085c00000, 0x0000000085d00000|  0%| F|  |TAMS 0x0000000085c00000, 0x0000000085c00000| Untracked 
|  75|0x0000000085d00000, 0x0000000085d00000, 0x0000000085e00000|  0%| F|  |TAMS 0x0000000085d00000, 0x0000000085d00000| Untracked 
|  76|0x0000000085e00000, 0x0000000085e00000, 0x0000000085f00000|  0%| F|  |TAMS 0x0000000085e00000, 0x0000000085e00000| Untracked 
|  77|0x0000000085f00000, 0x0000000085f00000, 0x0000000086000000|  0%| F|  |TAMS 0x0000000085f00000, 0x0000000085f00000| Untracked 
|  78|0x0000000086000000, 0x0000000086000000, 0x0000000086100000|  0%| F|  |TAMS 0x0000000086000000, 0x0000000086000000| Untracked 
|  79|0x0000000086100000, 0x0000000086100000, 0x0000000086200000|  0%| F|  |TAMS 0x0000000086100000, 0x0000000086100000| Untracked 
|  80|0x0000000086200000, 0x0000000086200000, 0x0000000086300000|  0%| F|  |TAMS 0x0000000086200000, 0x0000000086200000| Untracked 
|  81|0x0000000086300000, 0x0000000086300000, 0x0000000086400000|  0%| F|  |TAMS 0x0000000086300000, 0x0000000086300000| Untracked 
|  82|0x0000000086400000, 0x0000000086400000, 0x0000000086500000|  0%| F|  |TAMS 0x0000000086400000, 0x0000000086400000| Untracked 
|  83|0x0000000086500000, 0x0000000086500000, 0x0000000086600000|  0%| F|  |TAMS 0x0000000086500000, 0x0000000086500000| Untracked 
|  84|0x0000000086600000, 0x0000000086600000, 0x0000000086700000|  0%| F|  |TAMS 0x0000000086600000, 0x0000000086600000| Untracked 
|  85|0x0000000086700000, 0x0000000086700000, 0x0000000086800000|  0%| F|  |TAMS 0x0000000086700000, 0x0000000086700000| Untracked 
|  86|0x0000000086800000, 0x0000000086800000, 0x0000000086900000|  0%| F|  |TAMS 0x0000000086800000, 0x0000000086800000| Untracked 
|  87|0x0000000086900000, 0x0000000086900000, 0x0000000086a00000|  0%| F|  |TAMS 0x0000000086900000, 0x0000000086900000| Untracked 
|  88|0x0000000086a00000, 0x0000000086a00000, 0x0000000086b00000|  0%| F|  |TAMS 0x0000000086a00000, 0x0000000086a00000| Untracked 
|  89|0x0000000086b00000, 0x0000000086b00000, 0x0000000086c00000|  0%| F|  |TAMS 0x0000000086b00000, 0x0000000086b00000| Untracked 
|  90|0x0000000086c00000, 0x0000000086c00000, 0x0000000086d00000|  0%| F|  |TAMS 0x0000000086c00000, 0x0000000086c00000| Untracked 
|  91|0x0000000086d00000, 0x0000000086d00000, 0x0000000086e00000|  0%| F|  |TAMS 0x0000000086d00000, 0x0000000086d00000| Untracked 
|  92|0x0000000086e00000, 0x0000000086e80800, 0x0000000086f00000| 50%| E|  |TAMS 0x0000000086e00000, 0x0000000086e00000| Complete 
|  93|0x0000000086f00000, 0x0000000087000000, 0x0000000087000000|100%| E|CS|TAMS 0x0000000086f00000, 0x0000000086f00000| Complete 
|  94|0x0000000087000000, 0x0000000087100000, 0x0000000087100000|100%| E|CS|TAMS 0x0000000087000000, 0x0000000087000000| Complete 
|  95|0x0000000087100000, 0x0000000087200000, 0x0000000087200000|100%| E|CS|TAMS 0x0000000087100000, 0x0000000087100000| Complete 
|  96|0x0000000087200000, 0x0000000087300000, 0x0000000087300000|100%| E|CS|TAMS 0x0000000087200000, 0x0000000087200000| Complete 
|  97|0x0000000087300000, 0x0000000087400000, 0x0000000087400000|100%| E|CS|TAMS 0x0000000087300000, 0x0000000087300000| Complete 
|  98|0x0000000087400000, 0x0000000087500000, 0x0000000087500000|100%| E|CS|TAMS 0x0000000087400000, 0x0000000087400000| Complete 
|  99|0x0000000087500000, 0x0000000087600000, 0x0000000087600000|100%| E|CS|TAMS 0x0000000087500000, 0x0000000087500000| Complete 
| 100|0x0000000087600000, 0x0000000087700000, 0x0000000087700000|100%| E|CS|TAMS 0x0000000087600000, 0x0000000087600000| Complete 
| 101|0x0000000087700000, 0x0000000087800000, 0x0000000087800000|100%| E|CS|TAMS 0x0000000087700000, 0x0000000087700000| Complete 
| 102|0x0000000087800000, 0x0000000087900000, 0x0000000087900000|100%| E|CS|TAMS 0x0000000087800000, 0x0000000087800000| Complete 
| 103|0x0000000087900000, 0x0000000087a00000, 0x0000000087a00000|100%| E|CS|TAMS 0x0000000087900000, 0x0000000087900000| Complete 
| 104|0x0000000087a00000, 0x0000000087b00000, 0x0000000087b00000|100%| E|CS|TAMS 0x0000000087a00000, 0x0000000087a00000| Complete 
| 105|0x0000000087b00000, 0x0000000087c00000, 0x0000000087c00000|100%| E|CS|TAMS 0x0000000087b00000, 0x0000000087b00000| Complete 
| 106|0x0000000087c00000, 0x0000000087d00000, 0x0000000087d00000|100%| E|CS|TAMS 0x0000000087c00000, 0x0000000087c00000| Complete 
| 107|0x0000000087d00000, 0x0000000087e00000, 0x0000000087e00000|100%| E|CS|TAMS 0x0000000087d00000, 0x0000000087d00000| Complete 
| 108|0x0000000087e00000, 0x0000000087f00000, 0x0000000087f00000|100%| E|CS|TAMS 0x0000000087e00000, 0x0000000087e00000| Complete 
| 109|0x0000000087f00000, 0x0000000088000000, 0x0000000088000000|100%| E|CS|TAMS 0x0000000087f00000, 0x0000000087f00000| Complete 
| 110|0x0000000088000000, 0x0000000088100000, 0x0000000088100000|100%| E|CS|TAMS 0x0000000088000000, 0x0000000088000000| Complete 
| 111|0x0000000088100000, 0x0000000088200000, 0x0000000088200000|100%| E|CS|TAMS 0x0000000088100000, 0x0000000088100000| Complete 
| 112|0x0000000088200000, 0x0000000088300000, 0x0000000088300000|100%| S|CS|TAMS 0x0000000088200000, 0x0000000088200000| Complete 
| 113|0x0000000088300000, 0x0000000088400000, 0x0000000088400000|100%| S|CS|TAMS 0x0000000088300000, 0x0000000088300000| Complete 
| 114|0x0000000088400000, 0x0000000088500000, 0x0000000088500000|100%| E|CS|TAMS 0x0000000088400000, 0x0000000088400000| Complete 
| 115|0x0000000088500000, 0x0000000088600000, 0x0000000088600000|100%| E|CS|TAMS 0x0000000088500000, 0x0000000088500000| Complete 
| 116|0x0000000088600000, 0x0000000088700000, 0x0000000088700000|100%| E|CS|TAMS 0x0000000088600000, 0x0000000088600000| Complete 
| 117|0x0000000088700000, 0x0000000088800000, 0x0000000088800000|100%| E|CS|TAMS 0x0000000088700000, 0x0000000088700000| Complete 
| 118|0x0000000088800000, 0x0000000088900000, 0x0000000088900000|100%| E|CS|TAMS 0x0000000088800000, 0x0000000088800000| Complete 
| 119|0x0000000088900000, 0x0000000088a00000, 0x0000000088a00000|100%| E|CS|TAMS 0x0000000088900000, 0x0000000088900000| Complete 
| 120|0x0000000088a00000, 0x0000000088b00000, 0x0000000088b00000|100%| E|CS|TAMS 0x0000000088a00000, 0x0000000088a00000| Complete 
| 121|0x0000000088b00000, 0x0000000088c00000, 0x0000000088c00000|100%| E|CS|TAMS 0x0000000088b00000, 0x0000000088b00000| Complete 
| 122|0x0000000088c00000, 0x0000000088d00000, 0x0000000088d00000|100%| E|CS|TAMS 0x0000000088c00000, 0x0000000088c00000| Complete 
| 123|0x0000000088d00000, 0x0000000088e00000, 0x0000000088e00000|100%| E|CS|TAMS 0x0000000088d00000, 0x0000000088d00000| Complete 
| 124|0x0000000088e00000, 0x0000000088f00000, 0x0000000088f00000|100%| E|CS|TAMS 0x0000000088e00000, 0x0000000088e00000| Complete 
| 125|0x0000000088f00000, 0x0000000089000000, 0x0000000089000000|100%| E|CS|TAMS 0x0000000088f00000, 0x0000000088f00000| Complete 
| 126|0x0000000089000000, 0x0000000089100000, 0x0000000089100000|100%| E|CS|TAMS 0x0000000089000000, 0x0000000089000000| Complete 
| 127|0x0000000089100000, 0x0000000089200000, 0x0000000089200000|100%| E|CS|TAMS 0x0000000089100000, 0x0000000089100000| Complete 

Card table byte_map: [0x000001f152690000,0x000001f152a90000] _byte_map_base: 0x000001f152287000

Marking Bits (Prev, Next): (CMBitMap*) 0x000001f13f7dc618, (CMBitMap*) 0x000001f13f7dc650
 Prev Bits: [0x000001f152e90000, 0x000001f154e48000)
 Next Bits: [0x000001f154e50000, 0x000001f156e08000)

Polling page: 0x000001f13d760000

Metaspace:

Usage:
  Non-class:     15.61 MB capacity,    15.50 MB (>99%) used,    88.28 KB ( <1%) free+waste,    20.50 KB ( <1%) overhead. 
      Class:      1.79 MB capacity,     1.74 MB ( 97%) used,    47.94 KB (  3%) free+waste,     9.00 KB ( <1%) overhead. 
       Both:     17.40 MB capacity,    17.24 MB (>99%) used,   136.22 KB ( <1%) free+waste,    29.50 KB ( <1%) overhead. 

Virtual space:
  Non-class space:       16.00 MB reserved,      15.75 MB ( 98%) committed 
      Class space:        1.00 GB reserved,       1.88 MB ( <1%) committed 
             Both:        1.02 GB reserved,      17.63 MB (  2%) committed 

Chunk freelists:
   Non-Class:  18.00 KB
       Class:  19.00 KB
        Both:  37.00 KB

MaxMetaspaceSize: 17179869184.00 GB
CompressedClassSpaceSize: 1.00 GB

CodeHeap 'non-profiled nmethods': size=120064Kb used=468Kb max_used=468Kb free=119596Kb
 bounds [0x000001f14ad50000, 0x000001f14afc0000, 0x000001f152290000]
CodeHeap 'profiled nmethods': size=120000Kb used=3001Kb max_used=3001Kb free=116998Kb
 bounds [0x000001f143820000, 0x000001f143b10000, 0x000001f14ad50000]
CodeHeap 'non-nmethods': size=5696Kb used=1118Kb max_used=1131Kb free=4577Kb
 bounds [0x000001f143290000, 0x000001f143500000, 0x000001f143820000]
 total_blobs=2026 nmethods=1584 adapters=354
 compilation: enabled
              stopped_count=0, restarted_count=0
 full_count=0

Compilation events (20 events):
Event: 2.192 Thread 0x000001f159333000 nmethod 1554 0x000001f143b00710 code [0x000001f143b008c0, 0x000001f143b00aa8]
Event: 2.192 Thread 0x000001f159333000 1555       3       java.lang.invoke.Invokers::checkExactType (17 bytes)
Event: 2.192 Thread 0x000001f159333000 nmethod 1555 0x000001f143b00b90 code [0x000001f143b00d40, 0x000001f143b00f28]
Event: 2.194 Thread 0x000001f159333000 1556       3       jdk.internal.org.objectweb.asm.Frame::pop (45 bytes)
Event: 2.194 Thread 0x000001f159333000 nmethod 1556 0x000001f143b01010 code [0x000001f143b011c0, 0x000001f143b01338]
Event: 2.194 Thread 0x000001f159333000 1557   !   3       org.jetbrains.kotlin.com.intellij.util.containers.ConcurrentIntObjectHashMap::tabAt (33 bytes)
Event: 2.195 Thread 0x000001f159333000 nmethod 1557 0x000001f143b01410 code [0x000001f143b01660, 0x000001f143b023a8]
Event: 2.195 Thread 0x000001f159333000 1558       3       java.lang.invoke.LambdaForm$MH/0x0000000100193840::invokeExact_MT (25 bytes)
Event: 2.196 Thread 0x000001f159333000 nmethod 1558 0x000001f143b02690 code [0x000001f143b028a0, 0x000001f143b02fd8]
Event: 2.197 Thread 0x000001f159333000 1559       3       java.lang.String::checkIndex (46 bytes)
Event: 2.198 Thread 0x000001f159333000 nmethod 1559 0x000001f143b03210 code [0x000001f143b034a0, 0x000001f143b03e18]
Event: 2.198 Thread 0x000001f159333000 1560       3       java.lang.String::codePointAt (50 bytes)
Event: 2.199 Thread 0x000001f159333000 nmethod 1560 0x000001f143b04190 code [0x000001f143b04380, 0x000001f143b04708]
Event: 2.199 Thread 0x000001f159333000 1561       3       java.lang.Character::charCount (12 bytes)
Event: 2.199 Thread 0x000001f159333000 nmethod 1561 0x000001f143b04890 code [0x000001f143b04a40, 0x000001f143b04b78]
Event: 2.199 Thread 0x000001f159333000 1563       3       java.lang.invoke.MemberName::isMethod (7 bytes)
Event: 2.199 Thread 0x000001f159333000 nmethod 1563 0x000001f143b04c10 code [0x000001f143b04dc0, 0x000001f143b04ff8]
Event: 2.199 Thread 0x000001f159333000 1564       3       java.lang.invoke.MemberName::flagsMods (72 bytes)
Event: 2.200 Thread 0x000001f159333000 nmethod 1564 0x000001f143b05110 code [0x000001f143b052c0, 0x000001f143b053d8]
Event: 2.200 Thread 0x000001f159333000 1567       3       java.lang.invoke.MethodTypeForm::canonicalizeAll (66 bytes)

GC Heap History (2 events):
Event: 0.866 GC heap before
{Heap before GC invocations=0 (full 0):
 garbage-first heap   total 131072K, used 17408K [0x0000000081200000, 0x0000000100000000)
  region size 1024K, 14 young (14336K), 0 survivors (0K)
 Metaspace       used 9813K, capacity 9874K, committed 10112K, reserved 1058816K
  class space    used 838K, capacity 885K, committed 896K, reserved 1048576K
}
Event: 0.872 GC heap after
{Heap after GC invocations=1 (full 0):
 garbage-first heap   total 131072K, used 5198K [0x0000000081200000, 0x0000000100000000)
  region size 1024K, 2 young (2048K), 2 survivors (2048K)
 Metaspace       used 9813K, capacity 9874K, committed 10112K, reserved 1058816K
  class space    used 838K, capacity 885K, committed 896K, reserved 1048576K
}

Deoptimization events (20 events):
Event: 1.367 Thread 0x000001f13f79c000 Uncommon trap: trap_request=0xffffffc6 fr.pc=0x000001f14ad8148c relative=0x000000000000050c
Event: 1.367 Thread 0x000001f13f79c000 Uncommon trap: reason=bimorphic_or_optimized_type_check action=maybe_recompile pc=0x000001f14ad8148c method=kotlin.reflect.jvm.internal.impl.protobuf.CodedInputStream.tryRefillBuffer(I)Z @ 175 c2
Event: 1.367 Thread 0x000001f13f79c000 DEOPT PACKING pc=0x000001f14ad8148c sp=0x00000099e46fc230
Event: 1.367 Thread 0x000001f13f79c000 DEOPT UNPACKING pc=0x000001f1432b78af sp=0x00000099e46fc118 mode 2
Event: 1.535 Thread 0x000001f13f79c000 Uncommon trap: trap_request=0xffffff4d fr.pc=0x000001f14ad89ddc relative=0x000000000000051c
Event: 1.535 Thread 0x000001f13f79c000 Uncommon trap: reason=unstable_if action=reinterpret pc=0x000001f14ad89ddc method=java.util.ArrayList.newCapacity(I)I @ 25 c2
Event: 1.535 Thread 0x000001f13f79c000 DEOPT PACKING pc=0x000001f14ad89ddc sp=0x00000099e46fdf30
Event: 1.535 Thread 0x000001f13f79c000 DEOPT UNPACKING pc=0x000001f1432b78af sp=0x00000099e46fdd50 mode 2
Event: 1.617 Thread 0x000001f13f79c000 Uncommon trap: trap_request=0xffffffc6 fr.pc=0x000001f14ad8148c relative=0x000000000000050c
Event: 1.617 Thread 0x000001f13f79c000 Uncommon trap: reason=bimorphic_or_optimized_type_check action=maybe_recompile pc=0x000001f14ad8148c method=kotlin.reflect.jvm.internal.impl.protobuf.CodedInputStream.tryRefillBuffer(I)Z @ 175 c2
Event: 1.617 Thread 0x000001f13f79c000 DEOPT PACKING pc=0x000001f14ad8148c sp=0x00000099e46fc110
Event: 1.617 Thread 0x000001f13f79c000 DEOPT UNPACKING pc=0x000001f1432b78af sp=0x00000099e46fbff8 mode 2
Event: 1.937 Thread 0x000001f13f79c000 Uncommon trap: trap_request=0xffffff4d fr.pc=0x000001f14ad739ec relative=0x000000000000022c
Event: 1.937 Thread 0x000001f13f79c000 Uncommon trap: reason=unstable_if action=reinterpret pc=0x000001f14ad739ec method=java.lang.String.startsWith(Ljava/lang/String;I)Z @ 14 c2
Event: 1.937 Thread 0x000001f13f79c000 DEOPT PACKING pc=0x000001f14ad739ec sp=0x00000099e46ff100
Event: 1.937 Thread 0x000001f13f79c000 DEOPT UNPACKING pc=0x000001f1432b78af sp=0x00000099e46ff068 mode 2
Event: 2.047 Thread 0x000001f13f79c000 Uncommon trap: trap_request=0xffffff4d fr.pc=0x000001f14ad77bfc relative=0x00000000000000bc
Event: 2.048 Thread 0x000001f13f79c000 Uncommon trap: reason=unstable_if action=reinterpret pc=0x000001f14ad77bfc method=java.lang.Integer.valueOf(I)Ljava/lang/Integer; @ 3 c2
Event: 2.048 Thread 0x000001f13f79c000 DEOPT PACKING pc=0x000001f14ad77bfc sp=0x00000099e46fd200
Event: 2.048 Thread 0x000001f13f79c000 DEOPT UNPACKING pc=0x000001f1432b78af sp=0x00000099e46fd198 mode 2

Classes redefined (0 events):
No events

Internal exceptions (10 events):
Event: 2.006 Thread 0x000001f13f79c000 Exception <a 'java/lang/NoSuchMethodError'{0x000000008722c5f0}: 'int java.lang.invoke.DelegatingMethodHandle$Holder.reinvoke_L(java.lang.Object, java.lang.Object, java.lang.Object, long, int, int)'> (0x000000008722c5f0) thrown at [./src/hotspot/share/interpreter/linkResolver.cpp, line 773]
Event: 2.009 Thread 0x000001f13f79c000 Exception <a 'java/lang/NoSuchMethodError'{0x0000000087239f78}: 'int java.lang.invoke.DelegatingMethodHandle$Holder.reinvoke_L(java.lang.Object, java.lang.Object, java.lang.Object, long, long, long)'> (0x0000000087239f78) thrown at [./src/hotspot/share/interpreter/linkResolver.cpp, line 773]
Event: 2.011 Thread 0x000001f13f79c000 Exception <a 'java/lang/NoSuchMethodError'{0x0000000087247130}: 'int java.lang.invoke.DelegatingMethodHandle$Holder.reinvoke_L(java.lang.Object, java.lang.Object, java.lang.Object, long, java.lang.Object, java.lang.Object)'> (0x0000000087247130) thrown at [./src/hotspot/share/interpreter/linkResolver.cpp, line 773]
Event: 2.014 Thread 0x000001f13f79c000 Exception <a 'java/lang/NoSuchMethodError'{0x0000000087254598}: 'void java.lang.invoke.DelegatingMethodHandle$Holder.reinvoke_L(java.lang.Object, java.lang.Object, java.lang.Object, long, java.lang.Object)'> (0x0000000087254598) thrown at [./src/hotspot/share/interpreter/linkResolver.cpp, line 773]
Event: 2.015 Thread 0x000001f13f79c000 Exception <a 'java/lang/NoSuchMethodError'{0x000000008725de18}: 'java.lang.Object java.lang.invoke.DirectMethodHandle$Holder.invokeSpecial(java.lang.Object, java.lang.Object, java.lang.Object, java.lang.Object, long)'> (0x000000008725de18) thrown at [./src/hotspot/share/interpreter/linkResolver.cpp, line 773]
Event: 2.016 Thread 0x000001f13f79c000 Exception <a 'java/lang/NoSuchMethodError'{0x0000000087261370}: 'java.lang.Object java.lang.invoke.DelegatingMethodHandle$Holder.reinvoke_L(java.lang.Object, java.lang.Object, java.lang.Object, long)'> (0x0000000087261370) thrown at [./src/hotspot/share/interpreter/linkResolver.cpp, line 773]
Event: 2.020 Thread 0x000001f13f79c000 Exception <a 'java/lang/NoSuchMethodError'{0x000000008727b950}: 'long java.lang.invoke.Invokers$Holder.invoke_MT(java.lang.Object, java.lang.Object, java.lang.Object, java.lang.Object)'> (0x000000008727b950) thrown at [./src/hotspot/share/interpreter/linkResolver.cpp, line 773]
Event: 2.020 Thread 0x000001f13f79c000 Exception <a 'java/lang/NoSuchMethodError'{0x000000008727efd0}: 'long java.lang.invoke.DelegatingMethodHandle$Holder.reinvoke_L(java.lang.Object, java.lang.Object, java.lang.Object)'> (0x000000008727efd0) thrown at [./src/hotspot/share/interpreter/linkResolver.cpp, line 773]
Event: 2.023 Thread 0x000001f13f79c000 Exception <a 'java/lang/NoSuchMethodError'{0x0000000087288ed8}: 'int java.lang.invoke.DirectMethodHandle$Holder.invokeSpecial(java.lang.Object, java.lang.Object, java.lang.Object, java.lang.Object)'> (0x0000000087288ed8) thrown at [./src/hotspot/share/interpreter/linkResolver.cpp, line 773]
Event: 2.027 Thread 0x000001f13f79c000 Exception <a 'java/lang/NoSuchMethodError'{0x0000000087297cb8}: 'int java.lang.invoke.DelegatingMethodHandle$Holder.reinvoke_L(java.lang.Object, java.lang.Object, java.lang.Object, long, int)'> (0x0000000087297cb8) thrown at [./src/hotspot/share/interpreter/linkResolver.cpp, line 773]

Events (20 events):
Event: 2.183 loading class org/jetbrains/kotlin/cli/common/arguments/JavaTypeEnhancementStateParser$parse$1
Event: 2.183 loading class org/jetbrains/kotlin/cli/common/arguments/JavaTypeEnhancementStateParser$parse$1 done
Event: 2.184 loading class org/jetbrains/kotlin/config/CommonConfigurationKeysKt
Event: 2.184 loading class org/jetbrains/kotlin/config/CommonConfigurationKeysKt done
Event: 2.185 loading class org/jetbrains/kotlin/config/IncrementalCompilation
Event: 2.185 loading class org/jetbrains/kotlin/config/IncrementalCompilation done
Event: 2.187 loading class org/jetbrains/kotlin/cli/jvm/JvmArgumentsKt
Event: 2.187 loading class org/jetbrains/kotlin/cli/jvm/JvmArgumentsKt done
Event: 2.189 loading class org/jetbrains/kotlin/config/JVMConfigurationKeys
Event: 2.189 loading class org/jetbrains/kotlin/config/JVMConfigurationKeys done
Event: 2.195 loading class org/jetbrains/kotlin/utils/PathUtil
Event: 2.195 loading class org/jetbrains/kotlin/utils/PathUtil done
Event: 2.197 loading class java/util/regex/Pattern$BranchConn
Event: 2.197 loading class java/util/regex/Pattern$BranchConn done
Event: 2.197 loading class java/util/regex/Pattern$Branch
Event: 2.197 loading class java/util/regex/Pattern$Branch done
Event: 2.197 loading class java/util/regex/Pattern$BitClass
Event: 2.198 loading class java/util/regex/Pattern$BitClass done
Event: 2.200 loading class java/lang/invoke/DirectMethodHandle$Special
Event: 2.200 loading class java/lang/invoke/DirectMethodHandle$Special done


Dynamic libraries:
0x00007ff7e5e00000 - 0x00007ff7e5e0a000 	C:\Program Files\Android\Android Studio\jre\bin\java.exe
0x00007ffad25b0000 - 0x00007ffad27a5000 	C:\WINDOWS\SYSTEM32\ntdll.dll
0x00007ffad0ec0000 - 0x00007ffad0f7e000 	C:\WINDOWS\System32\KERNEL32.DLL
0x00007ffad0010000 - 0x00007ffad02d8000 	C:\WINDOWS\System32\KERNELBASE.dll
0x00007ffad02e0000 - 0x00007ffad03e0000 	C:\WINDOWS\System32\ucrtbase.dll
0x00007ffaad690000 - 0x00007ffaad6a9000 	C:\Program Files\Android\Android Studio\jre\bin\jli.dll
0x00007ffaade40000 - 0x00007ffaade57000 	C:\Program Files\Android\Android Studio\jre\bin\VCRUNTIME140.dll
0x00007ffad1eb0000 - 0x00007ffad2051000 	C:\WINDOWS\System32\USER32.dll
0x00007ffacfed0000 - 0x00007ffacfef2000 	C:\WINDOWS\System32\win32u.dll
0x00007ffad0600000 - 0x00007ffad062b000 	C:\WINDOWS\System32\GDI32.dll
0x00007ffabed50000 - 0x00007ffabefea000 	C:\WINDOWS\WinSxS\amd64_microsoft.windows.common-controls_6595b64144ccf1df_6.0.19041.1110_none_60b5254171f9507e\COMCTL32.dll
0x00007ffad03e0000 - 0x00007ffad04eb000 	C:\WINDOWS\System32\gdi32full.dll
0x00007ffad06e0000 - 0x00007ffad077e000 	C:\WINDOWS\System32\msvcrt.dll
0x00007ffacfe30000 - 0x00007ffacfecd000 	C:\WINDOWS\System32\msvcp_win.dll
0x00007ffad2070000 - 0x00007ffad20a0000 	C:\WINDOWS\System32\IMM32.DLL
0x00007ffaa20c0000 - 0x00007ffaa215d000 	C:\Program Files\Android\Android Studio\jre\bin\msvcp140.dll
0x00007ffa9f7f0000 - 0x00007ffaa02bf000 	C:\Program Files\Android\Android Studio\jre\bin\server\jvm.dll
0x00007ffad1e00000 - 0x00007ffad1eac000 	C:\WINDOWS\System32\ADVAPI32.dll
0x00007ffad1080000 - 0x00007ffad111b000 	C:\WINDOWS\System32\sechost.dll
0x00007ffad1c60000 - 0x00007ffad1d8a000 	C:\WINDOWS\System32\RPCRT4.dll
0x00007ffad1120000 - 0x00007ffad1128000 	C:\WINDOWS\System32\PSAPI.DLL
0x00007ffacbbc0000 - 0x00007ffacbbc9000 	C:\WINDOWS\SYSTEM32\WSOCK32.dll
0x00007ffac0fb0000 - 0x00007ffac0fd7000 	C:\WINDOWS\SYSTEM32\WINMM.dll
0x00007ffad1bf0000 - 0x00007ffad1c5b000 	C:\WINDOWS\System32\WS2_32.dll
0x00007ffac1060000 - 0x00007ffac106a000 	C:\WINDOWS\SYSTEM32\VERSION.dll
0x00007ffacdbd0000 - 0x00007ffacdbe2000 	C:\WINDOWS\SYSTEM32\kernel.appcore.dll
0x00007ffab5620000 - 0x00007ffab5631000 	C:\Program Files\Android\Android Studio\jre\bin\verify.dll
0x00007ffabce70000 - 0x00007ffabd054000 	C:\WINDOWS\SYSTEM32\DBGHELP.DLL
0x00007ffabce40000 - 0x00007ffabce6c000 	C:\WINDOWS\SYSTEM32\dbgcore.DLL
0x00007ffacff00000 - 0x00007ffacff83000 	C:\WINDOWS\System32\bcryptPrimitives.dll
0x00007ffab2e60000 - 0x00007ffab2e89000 	C:\Program Files\Android\Android Studio\jre\bin\java.dll
0x00007ffacb360000 - 0x00007ffacb36b000 	C:\Program Files\Android\Android Studio\jre\bin\jimage.dll
0x00007ffab2e30000 - 0x00007ffab2e48000 	C:\Program Files\Android\Android Studio\jre\bin\zip.dll
0x00007ffad0780000 - 0x00007ffad0ebf000 	C:\WINDOWS\System32\SHELL32.dll
0x00007ffacddd0000 - 0x00007fface560000 	C:\WINDOWS\SYSTEM32\windows.storage.dll
0x00007ffad1200000 - 0x00007ffad1555000 	C:\WINDOWS\System32\combase.dll
0x00007ffacf720000 - 0x00007ffacf74e000 	C:\WINDOWS\SYSTEM32\Wldp.dll
0x00007ffad0630000 - 0x00007ffad06dd000 	C:\WINDOWS\System32\SHCORE.dll
0x00007ffad20a0000 - 0x00007ffad20f5000 	C:\WINDOWS\System32\shlwapi.dll
0x00007ffacfc10000 - 0x00007ffacfc2f000 	C:\WINDOWS\SYSTEM32\profapi.dll
0x00007ffab2700000 - 0x00007ffab271a000 	C:\Program Files\Android\Android Studio\jre\bin\net.dll
0x00007ffabfeb0000 - 0x00007ffabffbc000 	C:\WINDOWS\SYSTEM32\WINHTTP.dll
0x00007ffacf480000 - 0x00007ffacf4ea000 	C:\WINDOWS\system32\mswsock.dll
0x00007ffab2670000 - 0x00007ffab2684000 	C:\Program Files\Android\Android Studio\jre\bin\nio.dll

dbghelp: loaded successfully - version: 4.0.5 - missing functions: none
symbol engine: initialized successfully - sym options: 0x614 - pdb path: .;C:\Program Files\Android\Android Studio\jre\bin;C:\WINDOWS\SYSTEM32;C:\WINDOWS\WinSxS\amd64_microsoft.windows.common-controls_6595b64144ccf1df_6.0.19041.1110_none_60b5254171f9507e;C:\Program Files\Android\Android Studio\jre\bin\server

VM Arguments:
java_command: org.jetbrains.kotlin.cli.jvm.K2JVMCompiler @E:\Dlp-main\Date-for-Sure\app\build\20211231_11992518826600224952.compiler.options
java_class_path (initial): E:\DigitalLessonPlanner\.gradle\caches\modules-2\files-2.1\org.jetbrains.kotlin\kotlin-compiler-embeddable\1.6.10\88f2073f4020cdb83132cfe940ceb9a60aba54ea\kotlin-compiler-embeddable-1.6.10.jar;E:\DigitalLessonPlanner\.gradle\caches\modules-2\files-2.1\org.jetbrains.kotlin\kotlin-reflect\1.6.10\1cbe9c92c12a94eea200d23c2bbaedaf3daf5132\kotlin-reflect-1.6.10.jar;E:\DigitalLessonPlanner\.gradle\caches\modules-2\files-2.1\org.jetbrains.kotlin\kotlin-stdlib\1.6.10\b8af3fe6f1ca88526914929add63cf5e7c5049af\kotlin-stdlib-1.6.10.jar;E:\DigitalLessonPlanner\.gradle\caches\modules-2\files-2.1\org.jetbrains.kotlin\kotlin-script-runtime\1.6.10\d0a7ff2e2500ef497ed0214ae40ad3c8387a6164\kotlin-script-runtime-1.6.10.jar;E:\DigitalLessonPlanner\.gradle\caches\modules-2\files-2.1\org.jetbrains.kotlin\kotlin-daemon-embeddable\1.6.10\a56d79bcbea411fa6058e4ecffc2de73e742bd2a\kotlin-daemon-embeddable-1.6.10.jar;E:\DigitalLessonPlanner\.gradle\caches\modules-2\files-2.1\org.jetbrains.intellij.deps\trove4j\1.0.20181211\216c2e14b070f334479d800987affe4054cd563f\trove4j-1.0.20181211.jar;E:\DigitalLessonPlanner\.gradle\caches\modules-2\files-2.1\net.java.dev.jna\jna\5.6.0\330f2244e9030119ab3030fc3fededc86713d9cc\jna-5.6.0.jar;E:\DigitalLessonPlanner\.gradle\caches\modules-2\files-2.1\org.jetbrains\annotations\13.0\919f0dfe192fb4e063e7dacadee7f8bb9a2672a9\annotations-13.0.jar;E:\DigitalLessonPlanner\.gradle\caches\modules-2\files-2.1\org.jetbrains.kotlin\kotlin-stdlib-common\1.6.10\c118700e3a33c8a0d9adc920e9dec0831171925\kotlin-stdlib-common-1.6.10.jar
Launcher Type: SUN_STANDARD

[Global flags]
     intx CICompilerCount                          = 3                                         {product} {ergonomic}
     uint ConcGCThreads                            = 1                                         {product} {ergonomic}
     uint G1ConcRefinementThreads                  = 4                                         {product} {ergonomic}
   size_t G1HeapRegionSize                         = 1048576                                   {product} {ergonomic}
    uintx GCDrainStackTargetSize                   = 64                                        {product} {ergonomic}
   size_t InitialHeapSize                          = 134217728                                 {product} {ergonomic}
   size_t MarkStackSize                            = 4194304                                   {product} {ergonomic}
   size_t MaxHeapSize                              = 2128609280                                {product} {ergonomic}
   size_t MaxNewSize                               = 1277165568                                {product} {ergonomic}
   size_t MinHeapDeltaBytes                        = 1048576                                   {product} {ergonomic}
    uintx NonNMethodCodeHeapSize                   = 5830732                                {pd product} {ergonomic}
    uintx NonProfiledCodeHeapSize                  = 122913754                              {pd product} {ergonomic}
    uintx ProfiledCodeHeapSize                     = 122913754                              {pd product} {ergonomic}
    uintx ReservedCodeCacheSize                    = 251658240                              {pd product} {ergonomic}
     bool SegmentedCodeCache                       = true                                      {product} {ergonomic}
     bool UseCompressedClassPointers               = true                                 {lp64_product} {ergonomic}
     bool UseCompressedOops                        = true                                 {lp64_product} {ergonomic}
     bool UseG1GC                                  = true                                      {product} {ergonomic}
     bool UseLargePagesIndividualAllocation        = false                                  {pd product} {ergonomic}

Logging:
Log output configuration:
 #0: stdout all=warning uptime,level,tags
 #1: stderr all=off uptime,level,tags

Environment Variables:
PATH=C:\Program Files (x86)\Common Files\Oracle\Java\javapath;C:\Program Files\Common Files\Oracle\Java\javapath;C:\WINDOWS\system32;C:\WINDOWS;C:\WINDOWS\System32\Wbem;C:\WINDOWS\System32\WindowsPowerShell\v1.0\;C:\WINDOWS\System32\OpenSSH\;C:\xampp\php;C:\ProgramData\ComposerSetup\bin;C:\xampp1\php;C:\xampp\php\PEAR';C:\MinGW\bin;C:\Program Files\nodejs\;C:\Program Files\PuTTY\;C:\Program Files\Git\cmd;C:\Users\User\AppData\Local\Microsoft\WindowsApps;C:\Users\User\AppData\Roaming\Composer\vendor\bin;C:\xampp1\htdocs\PROJECT101;C:\Users\User\bin;C:\Users\User\go_appengine;C:\Users\User\AppData\Local\GitHubDesktop\bin;C:\Users\User\AppData\Roaming\npm;E:\flutter\bin;
USERNAME=User
OS=Windows_NT
PROCESSOR_IDENTIFIER=Intel64 Family 6 Model 69 Stepping 1, GenuineIntel



---------------  S Y S T E M  ---------------

OS: Windows 10 , 64 bit Build 19041 (10.0.19041.1348)
OS uptime: 1 days 21:18 hours

CPU:total 4 (initial active 4) (2 cores per cpu, 2 threads per core) family 6 model 69 stepping 1 microcode 0x25, cmov, cx8, fxsr, mmx, sse, sse2, sse3, ssse3, sse4.1, sse4.2, popcnt, avx, avx2, aes, clmul, erms, lzcnt, ht, tsc, tscinvbit, bmi1, bmi2, fma

Memory: 4k page, system-wide physical 8113M (885M free)
TotalPageFile size 10523M (AvailPageFile size 5M)
current process WorkingSet (physical memory assigned to process): 99M, peak: 99M
current process commit charge ("private bytes"): 217M, peak: 217M

vm_info: OpenJDK 64-Bit Server VM (11.0.10+0-b96-7249189) for windows-amd64 JRE (11.0.10+0-b96-7249189), built on Mar 31 2021 21:44:00 by "builder" with MS VC++ 14.0 (VS2015)

END.
